TN:
SF:/Users/adamchenwei/www/ez-site-ui-kit/src/index.js
FNF:0
FNH:0
DA:1,0
DA:3,0
DA:4,0
DA:5,0
DA:6,0
DA:7,0
DA:8,0
DA:9,0
DA:10,0
DA:11,0
DA:14,0
DA:15,0
DA:16,0
DA:17,0
DA:18,0
LF:15
LH:0
BRF:0
BRH:0
end_of_record
TN:
SF:/Users/adamchenwei/www/ez-site-ui-kit/src/__mock__/cssModule.js
FNF:0
FNH:0
DA:1,0
LF:1
LH:0
BRF:0
BRH:0
end_of_record
TN:
SF:/Users/adamchenwei/www/ez-site-ui-kit/src/__mock__/getACatelogItem.js
FN:3,(anonymous_0)
FNF:1
FNH:1
FNDA:11,(anonymous_0)
DA:4,11
DA:5,11
LF:2
LH:2
BRF:0
BRH:0
end_of_record
TN:
SF:/Users/adamchenwei/www/ez-site-ui-kit/src/__mock__/image.js
FNF:0
FNH:0
DA:1,0
LF:1
LH:0
BRF:0
BRH:0
end_of_record
TN:
SF:/Users/adamchenwei/www/ez-site-ui-kit/src/components/AnimatedLoadingBar/index.js
FN:4,(anonymous_0)
FNF:1
FNH:1
FNDA:4,(anonymous_0)
DA:4,4
LF:1
LH:1
BRF:0
BRH:0
end_of_record
TN:
SF:/Users/adamchenwei/www/ez-site-ui-kit/src/components/AnimatedLoadingBar/style/Bar.js
FNF:0
FNH:0
LF:0
LH:0
BRF:0
BRH:0
end_of_record
TN:
SF:/Users/adamchenwei/www/ez-site-ui-kit/src/components/BreadCrumb/index.js
FN:10,(anonymous_0)
FN:14,(anonymous_1)
FNF:2
FNH:2
FNDA:1,(anonymous_0)
FNDA:1,(anonymous_1)
DA:11,1
DA:19,1
DA:21,1
DA:22,1
DA:26,1
DA:28,1
DA:35,1
LF:7
LH:7
BRF:0
BRH:0
end_of_record
TN:
SF:/Users/adamchenwei/www/ez-site-ui-kit/src/components/BreadCrumb/style/Container.js
FNF:0
FNH:0
DA:3,1
LF:1
LH:1
BRF:0
BRH:0
end_of_record
TN:
SF:/Users/adamchenwei/www/ez-site-ui-kit/src/components/BreadCrumb/style/HomeLink.js
FNF:0
FNH:0
DA:3,1
LF:1
LH:1
BRF:0
BRH:0
end_of_record
TN:
SF:/Users/adamchenwei/www/ez-site-ui-kit/src/components/CatalogDetail/index.js
FN:17,(anonymous_0)
FN:21,(anonymous_1)
FNF:2
FNH:0
FNDA:0,(anonymous_0)
FNDA:0,(anonymous_1)
DA:18,0
DA:33,0
DA:34,0
DA:35,0
DA:36,0
DA:46,0
DA:47,0
DA:48,0
DA:69,1
DA:78,1
LF:10
LH:2
BRF:0
BRH:0
end_of_record
TN:
SF:/Users/adamchenwei/www/ez-site-ui-kit/src/components/CatalogDetail/style/Container.js
FNF:0
FNH:0
DA:3,1
LF:1
LH:1
BRF:0
BRH:0
end_of_record
TN:
SF:/Users/adamchenwei/www/ez-site-ui-kit/src/components/CatalogItem/index.js
FN:11,(anonymous_0)
FN:15,(anonymous_1)
FNF:2
FNH:2
FNDA:11,(anonymous_0)
FNDA:11,(anonymous_1)
DA:12,11
DA:27,11
DA:28,11
DA:32,11
DA:33,11
DA:51,1
DA:70,1
LF:7
LH:7
BRF:0
BRH:0
end_of_record
TN:
SF:/Users/adamchenwei/www/ez-site-ui-kit/src/components/CatalogItem/style/Container.js
FNF:0
FNH:0
DA:1,0
DA:3,0
LF:2
LH:0
BRF:0
BRH:0
end_of_record
TN:
SF:/Users/adamchenwei/www/ez-site-ui-kit/src/components/CatalogList/index.js
FN:11,(anonymous_0)
FN:15,(anonymous_1)
FN:24,(anonymous_2)
FNF:3
FNH:3
FNDA:1,(anonymous_0)
FNDA:1,(anonymous_1)
FNDA:10,(anonymous_2)
DA:12,1
DA:20,1
DA:21,1
DA:22,1
DA:36,10
DA:38,10
DA:39,10
DA:40,10
DA:78,1
LF:9
LH:9
BRDA:21,0,0,0
BRDA:21,0,1,1
BRDA:39,1,0,10
BRDA:39,1,1,0
BRDA:39,2,0,10
BRDA:39,2,1,0
BRDA:39,3,0,10
BRDA:39,3,1,0
BRF:8
BRH:4
end_of_record
TN:
SF:/Users/adamchenwei/www/ez-site-ui-kit/src/components/CatalogList/style/Container.js
FNF:0
FNH:0
DA:1,0
DA:3,0
LF:2
LH:0
BRF:0
BRH:0
end_of_record
TN:
SF:/Users/adamchenwei/www/ez-site-ui-kit/src/components/Common/Container.js
FN:6,(anonymous_0)
FN:8,(anonymous_1)
FN:8,(anonymous_2)
FNF:3
FNH:0
FNDA:0,(anonymous_0)
FNDA:0,(anonymous_1)
FNDA:0,(anonymous_2)
DA:3,1
DA:5,1
DA:6,0
DA:8,0
LF:4
LH:2
BRDA:6,0,0,0
BRDA:6,0,1,0
BRDA:8,1,0,0
BRDA:8,1,1,0
BRDA:8,2,0,0
BRDA:8,2,1,0
BRDA:8,3,0,0
BRDA:8,3,1,0
BRF:8
BRH:0
end_of_record
TN:
SF:/Users/adamchenwei/www/ez-site-ui-kit/src/components/Common/EmptyStateHelperText.js
FN:4,(anonymous_0)
FN:5,(anonymous_1)
FN:7,(anonymous_2)
FNF:3
FNH:0
FNDA:0,(anonymous_0)
FNDA:0,(anonymous_1)
FNDA:0,(anonymous_2)
DA:3,1
DA:4,0
DA:5,0
DA:7,0
LF:4
LH:1
BRDA:4,0,0,0
BRDA:4,0,1,0
BRDA:5,1,0,0
BRDA:5,1,1,0
BRDA:7,2,0,0
BRDA:7,2,1,0
BRF:6
BRH:0
end_of_record
TN:
SF:/Users/adamchenwei/www/ez-site-ui-kit/src/components/Common/GridSpan.js
FN:6,(anonymous_0)
FN:8,(anonymous_1)
FN:11,(anonymous_2)
FNF:3
FNH:0
FNDA:0,(anonymous_0)
FNDA:0,(anonymous_1)
FNDA:0,(anonymous_2)
DA:3,1
DA:5,1
DA:6,0
DA:8,0
DA:11,0
LF:5
LH:2
BRDA:6,0,0,0
BRDA:6,0,1,0
BRDA:8,1,0,0
BRDA:8,1,1,0
BRDA:11,2,0,0
BRDA:11,2,1,0
BRF:6
BRH:0
end_of_record
TN:
SF:/Users/adamchenwei/www/ez-site-ui-kit/src/components/Common/PageContentContainer.js
FNF:0
FNH:0
DA:4,1
LF:1
LH:1
BRF:0
BRH:0
end_of_record
TN:
SF:/Users/adamchenwei/www/ez-site-ui-kit/src/components/Common/index.js
FNF:0
FNH:0
DA:1,1
LF:1
LH:1
BRF:0
BRH:0
end_of_record
TN:
SF:/Users/adamchenwei/www/ez-site-ui-kit/src/components/Common/Dummy/DummyBar.js
FNF:0
FNH:0
DA:3,1
LF:1
LH:1
BRF:0
BRH:0
end_of_record
TN:
SF:/Users/adamchenwei/www/ez-site-ui-kit/src/components/Common/Dummy/DummyStager.js
FN:4,(anonymous_0)
FNF:1
FNH:0
FNDA:0,(anonymous_0)
DA:3,1
DA:4,0
LF:2
LH:1
BRDA:4,0,0,0
BRDA:4,0,1,0
BRF:2
BRH:0
end_of_record
TN:
SF:/Users/adamchenwei/www/ez-site-ui-kit/src/components/ComponentWrapper/index.js
FN:7,ComponentWrapper
FNF:1
FNH:0
FNDA:0,ComponentWrapper
DA:1,0
DA:2,0
DA:3,0
DA:4,0
DA:7,0
DA:11,0
DA:16,0
DA:18,0
DA:19,0
DA:25,0
DA:26,0
DA:34,0
LF:12
LH:0
BRDA:7,0,0,0
BRDA:7,0,1,0
BRDA:18,1,0,0
BRDA:18,1,1,0
BRDA:25,2,0,0
BRDA:25,2,1,0
BRF:6
BRH:0
end_of_record
TN:
SF:/Users/adamchenwei/www/ez-site-ui-kit/src/components/ContactForm/index.js
FN:12,(anonymous_0)
FN:16,(anonymous_1)
FNF:2
FNH:2
FNDA:1,(anonymous_0)
FNDA:1,(anonymous_1)
DA:13,1
DA:20,1
DA:21,1
DA:66,1
DA:71,1
LF:5
LH:5
BRF:0
BRH:0
end_of_record
TN:
SF:/Users/adamchenwei/www/ez-site-ui-kit/src/components/ContactForm/style/ContactFormContainer.js
FN:4,(anonymous_0)
FNF:1
FNH:1
FNDA:1,(anonymous_0)
DA:3,1
DA:4,1
LF:2
LH:2
BRDA:4,0,0,0
BRDA:4,0,1,1
BRF:2
BRH:1
end_of_record
TN:
SF:/Users/adamchenwei/www/ez-site-ui-kit/src/components/ContactForm/style/ContactFormInput.js
FN:5,(anonymous_0)
FN:6,(anonymous_1)
FNF:2
FNH:2
FNDA:4,(anonymous_0)
FNDA:4,(anonymous_1)
DA:4,1
DA:5,4
DA:6,4
LF:3
LH:3
BRDA:5,0,0,4
BRDA:5,0,1,0
BRDA:6,1,0,1
BRDA:6,1,1,3
BRF:4
BRH:3
end_of_record
TN:
SF:/Users/adamchenwei/www/ez-site-ui-kit/src/components/ContactForm/style/ContactFormLegend.js
FN:4,(anonymous_0)
FNF:1
FNH:1
FNDA:4,(anonymous_0)
DA:3,1
DA:4,4
LF:2
LH:2
BRDA:4,0,0,4
BRDA:4,0,1,0
BRF:2
BRH:1
end_of_record
TN:
SF:/Users/adamchenwei/www/ez-site-ui-kit/src/components/ContactForm/style/ContactFormSubmitButton.js
FNF:0
FNH:0
DA:6,1
LF:1
LH:1
BRF:0
BRH:0
end_of_record
TN:
SF:/Users/adamchenwei/www/ez-site-ui-kit/src/components/ContactForm/style/ContactFormTextarea.js
FN:4,(anonymous_0)
FNF:1
FNH:1
FNDA:1,(anonymous_0)
DA:3,1
DA:4,1
LF:2
LH:2
BRDA:4,0,0,1
BRDA:4,0,1,0
BRF:2
BRH:1
end_of_record
TN:
SF:/Users/adamchenwei/www/ez-site-ui-kit/src/components/ContactForm/style/index.js
FNF:0
FNH:0
DA:1,1
LF:1
LH:1
BRF:0
BRH:0
end_of_record
TN:
SF:/Users/adamchenwei/www/ez-site-ui-kit/src/components/CustomizableForm/index.js
FN:9,(anonymous_0)
FN:13,(anonymous_1)
FN:26,(anonymous_2)
FNF:3
FNH:3
FNDA:2,(anonymous_0)
FNDA:2,(anonymous_1)
FNDA:16,(anonymous_2)
DA:10,2
DA:18,2
DA:19,2
DA:33,16
DA:34,16
DA:50,1
DA:57,1
LF:7
LH:7
BRF:0
BRH:0
end_of_record
TN:
SF:/Users/adamchenwei/www/ez-site-ui-kit/src/components/CustomizableForm/style/FormContainer.js
FNF:0
FNH:0
DA:3,1
LF:1
LH:1
BRF:0
BRH:0
end_of_record
TN:
SF:/Users/adamchenwei/www/ez-site-ui-kit/src/components/CustomizableForm/style/FormSubmitButton.js
FNF:0
FNH:0
DA:6,1
LF:1
LH:1
BRF:0
BRH:0
end_of_record
TN:
SF:/Users/adamchenwei/www/ez-site-ui-kit/src/components/DropDownMenu/index.js
FN:11,(anonymous_0)
FNF:1
FNH:0
FNDA:0,(anonymous_0)
DA:4,1
DA:11,0
LF:2
LH:1
BRDA:11,0,0,0
BRDA:11,0,1,0
BRF:2
BRH:0
end_of_record
TN:
SF:/Users/adamchenwei/www/ez-site-ui-kit/src/components/EmptyStateUnderConstruction/EmptyStateUnderConstruction.js
FN:6,EmptyStateUnderConstruction
FNF:1
FNH:0
FNDA:0,EmptyStateUnderConstruction
DA:1,0
DA:2,0
DA:3,0
DA:6,0
DA:10,0
DA:11,0
DA:17,0
DA:18,0
DA:19,0
DA:25,0
DA:26,0
DA:27,0
DA:30,0
DA:31,0
DA:33,0
DA:47,0
LF:16
LH:0
BRDA:6,0,0,0
BRDA:6,0,1,0
BRDA:18,1,0,0
BRDA:18,1,1,0
BRDA:26,2,0,0
BRDA:26,2,1,0
BRF:6
BRH:0
end_of_record
TN:
SF:/Users/adamchenwei/www/ez-site-ui-kit/src/components/EzIcon/index.js
FN:6,(anonymous_0)
FN:10,(anonymous_1)
FNF:2
FNH:2
FNDA:1,(anonymous_0)
FNDA:1,(anonymous_1)
DA:7,1
DA:15,1
DA:16,1
DA:24,1
LF:4
LH:4
BRF:0
BRH:0
end_of_record
TN:
SF:/Users/adamchenwei/www/ez-site-ui-kit/src/components/EzIcon/style/Container.js
FNF:0
FNH:0
DA:3,1
LF:1
LH:1
BRF:0
BRH:0
end_of_record
TN:
SF:/Users/adamchenwei/www/ez-site-ui-kit/src/components/FooterBar/index.js
FN:6,(anonymous_0)
FN:10,(anonymous_1)
FN:15,(anonymous_2)
FNF:3
FNH:0
FNDA:0,(anonymous_0)
FNDA:0,(anonymous_1)
FNDA:0,(anonymous_2)
DA:7,0
DA:11,0
DA:12,0
DA:15,0
DA:27,1
LF:5
LH:1
BRDA:11,0,0,0
BRDA:11,0,1,0
BRDA:14,1,0,0
BRDA:14,1,1,0
BRF:4
BRH:0
end_of_record
TN:
SF:/Users/adamchenwei/www/ez-site-ui-kit/src/components/FooterBar/style/Container.js
FNF:0
FNH:0
DA:4,1
DA:6,1
LF:2
LH:2
BRF:0
BRH:0
end_of_record
TN:
SF:/Users/adamchenwei/www/ez-site-ui-kit/src/components/FooterBar/style/index.js
FNF:0
FNH:0
DA:1,1
LF:1
LH:1
BRF:0
BRH:0
end_of_record
TN:
SF:/Users/adamchenwei/www/ez-site-ui-kit/src/components/FormInput/index.js
FN:9,(anonymous_0)
FN:32,(anonymous_1)
FN:48,(anonymous_2)
FN:64,(anonymous_3)
FNF:4
FNH:4
FNDA:20,(anonymous_0)
FNDA:15,(anonymous_1)
FNDA:3,(anonymous_2)
FNDA:20,(anonymous_3)
DA:10,20
DA:13,20
DA:14,20
DA:15,20
DA:16,20
DA:17,20
DA:19,3
DA:20,3
DA:24,15
DA:25,15
DA:27,2
DA:29,20
DA:38,15
DA:39,15
DA:54,3
DA:56,3
DA:71,20
DA:72,20
DA:73,20
DA:82,1
DA:89,1
LF:21
LH:21
BRDA:17,0,0,3
BRDA:17,0,1,4
BRDA:17,0,2,15
BRDA:17,0,3,15
BRDA:17,0,4,2
BRDA:76,1,0,18
BRDA:76,1,1,2
BRF:7
BRH:7
end_of_record
TN:
SF:/Users/adamchenwei/www/ez-site-ui-kit/src/components/FormInput/style/Container.js
FNF:0
FNH:0
DA:3,1
LF:1
LH:1
BRF:0
BRH:0
end_of_record
TN:
SF:/Users/adamchenwei/www/ez-site-ui-kit/src/components/FormInput/style/FormLegend.js
FN:4,(anonymous_0)
FNF:1
FNH:1
FNDA:20,(anonymous_0)
DA:3,1
DA:4,20
LF:2
LH:2
BRDA:4,0,0,19
BRDA:4,0,1,1
BRF:2
BRH:2
end_of_record
TN:
SF:/Users/adamchenwei/www/ez-site-ui-kit/src/components/FormInput/style/FormTextarea.js
FN:4,(anonymous_0)
FNF:1
FNH:1
FNDA:3,(anonymous_0)
DA:3,1
DA:4,3
LF:2
LH:2
BRDA:4,0,0,3
BRDA:4,0,1,0
BRF:2
BRH:1
end_of_record
TN:
SF:/Users/adamchenwei/www/ez-site-ui-kit/src/components/FormInput/style/InputField.js
FN:5,(anonymous_0)
FN:6,(anonymous_1)
FNF:2
FNH:2
FNDA:15,(anonymous_0)
FNDA:15,(anonymous_1)
DA:4,1
DA:5,15
DA:6,15
LF:3
LH:3
BRDA:5,0,0,15
BRDA:5,0,1,0
BRDA:6,1,0,0
BRDA:6,1,1,15
BRF:4
BRH:2
end_of_record
TN:
SF:/Users/adamchenwei/www/ez-site-ui-kit/src/components/GoogleEmbbededMapView/index.js
FN:6,(anonymous_0)
FN:10,(anonymous_1)
FNF:2
FNH:2
FNDA:1,(anonymous_0)
FNDA:1,(anonymous_1)
DA:7,1
DA:16,1
DA:17,1
DA:30,1
DA:36,1
LF:5
LH:5
BRF:0
BRH:0
end_of_record
TN:
SF:/Users/adamchenwei/www/ez-site-ui-kit/src/components/GoogleMapView/index.js
FN:12,(anonymous_0)
FNF:1
FNH:0
FNDA:0,(anonymous_0)
DA:13,0
LF:1
LH:0
BRDA:17,0,0,0
BRDA:17,0,1,0
BRF:2
BRH:0
end_of_record
TN:
SF:/Users/adamchenwei/www/ez-site-ui-kit/src/components/GoogleMapView/style/Container.js
FNF:0
FNH:0
DA:3,1
LF:1
LH:1
BRF:0
BRH:0
end_of_record
TN:
SF:/Users/adamchenwei/www/ez-site-ui-kit/src/components/GridItem/GridItem.js
FN:8,(anonymous_0)
FNF:1
FNH:0
FNDA:0,(anonymous_0)
DA:9,0
DA:10,0
DA:11,0
DA:12,0
DA:13,0
DA:14,0
DA:15,0
DA:16,0
DA:17,0
DA:18,0
DA:19,0
DA:30,0
DA:31,0
DA:32,0
DA:62,1
LF:15
LH:1
BRDA:10,0,0,0
BRDA:10,0,1,0
BRDA:13,1,0,0
BRDA:13,1,1,0
BRDA:14,2,0,0
BRDA:14,2,1,0
BRDA:15,3,0,0
BRDA:15,3,1,0
BRDA:16,4,0,0
BRDA:16,4,1,0
BRDA:17,5,0,0
BRDA:17,5,1,0
BRDA:18,6,0,0
BRDA:18,6,1,0
BRDA:19,7,0,0
BRDA:19,7,1,0
BRDA:30,8,0,0
BRDA:30,8,1,0
BRDA:31,9,0,0
BRDA:31,9,1,0
BRDA:36,10,0,0
BRDA:36,10,1,0
BRDA:37,11,0,0
BRDA:37,11,1,0
BRDA:40,12,0,0
BRDA:40,12,1,0
BRDA:41,13,0,0
BRDA:41,13,1,0
BRDA:44,14,0,0
BRDA:44,14,1,0
BRDA:45,15,0,0
BRDA:45,15,1,0
BRDA:48,16,0,0
BRDA:48,16,1,0
BRDA:49,17,0,0
BRDA:49,17,1,0
BRDA:52,18,0,0
BRDA:52,18,1,0
BRDA:53,19,0,0
BRDA:53,19,1,0
BRF:40
BRH:0
end_of_record
TN:
SF:/Users/adamchenwei/www/ez-site-ui-kit/src/components/GridItem/GridItemShell.js
FN:7,(anonymous_0)
FNF:1
FNH:0
FNDA:0,(anonymous_0)
DA:8,0
DA:9,0
DA:10,0
DA:11,0
DA:12,0
DA:13,0
DA:14,0
DA:15,0
DA:16,0
DA:24,0
DA:37,0
DA:38,0
DA:39,0
DA:52,1
LF:14
LH:1
BRDA:8,0,0,0
BRDA:8,0,1,0
BRDA:10,1,0,0
BRDA:10,1,1,0
BRDA:11,2,0,0
BRDA:11,2,1,0
BRDA:12,3,0,0
BRDA:12,3,1,0
BRDA:13,4,0,0
BRDA:13,4,1,0
BRDA:14,5,0,0
BRDA:14,5,1,0
BRDA:15,6,0,0
BRDA:15,6,1,0
BRDA:16,7,0,0
BRDA:16,7,1,0
BRDA:37,8,0,0
BRDA:37,8,1,0
BRDA:38,9,0,0
BRDA:38,9,1,0
BRDA:43,10,0,0
BRDA:43,10,1,0
BRF:22
BRH:0
end_of_record
TN:
SF:/Users/adamchenwei/www/ez-site-ui-kit/src/components/InteractiveSlideShow/index.js
FN:6,InteractiveSlideShow
FN:14,(anonymous_1)
FNF:2
FNH:0
FNDA:0,InteractiveSlideShow
FNDA:0,(anonymous_1)
DA:11,0
DA:12,0
DA:19,0
DA:20,0
DA:21,0
DA:31,1
DA:37,1
LF:7
LH:2
BRF:0
BRH:0
end_of_record
TN:
SF:/Users/adamchenwei/www/ez-site-ui-kit/src/components/InteractiveSlideShow/style/Container.js
FNF:0
FNH:0
DA:3,1
LF:1
LH:1
BRF:0
BRH:0
end_of_record
TN:
SF:/Users/adamchenwei/www/ez-site-ui-kit/src/components/InteractiveSlideShow/style/SlideContainer.js
FNF:0
FNH:0
LF:0
LH:0
BRF:0
BRH:0
end_of_record
TN:
SF:/Users/adamchenwei/www/ez-site-ui-kit/src/components/Listing/Listing.js
FN:9,(anonymous_0)
FN:17,(anonymous_1)
FN:33,(anonymous_2)
FN:50,(anonymous_3)
FN:101,(anonymous_4)
FN:118,(anonymous_5)
FNF:6
FNH:0
FNDA:0,(anonymous_0)
FNDA:0,(anonymous_1)
FNDA:0,(anonymous_2)
FNDA:0,(anonymous_3)
FNDA:0,(anonymous_4)
FNDA:0,(anonymous_5)
DA:10,0
DA:11,0
DA:18,0
DA:21,0
DA:23,0
DA:24,0
DA:25,0
DA:27,0
DA:31,0
DA:32,0
DA:33,0
DA:34,0
DA:42,0
DA:43,0
DA:44,0
DA:48,0
DA:51,0
DA:55,0
DA:56,0
DA:57,0
DA:59,0
DA:60,0
DA:99,0
DA:100,0
DA:101,0
DA:102,0
DA:110,0
DA:111,0
DA:112,0
DA:116,0
DA:119,0
DA:123,0
DA:124,0
DA:125,0
DA:127,0
DA:129,0
DA:171,1
LF:37
LH:1
BRDA:27,0,0,0
BRDA:27,0,1,0
BRF:2
BRH:0
end_of_record
TN:
SF:/Users/adamchenwei/www/ez-site-ui-kit/src/components/ListingItem/ListingItem.js
FN:13,(anonymous_0)
FN:26,(anonymous_1)
FN:30,(anonymous_2)
FN:40,(anonymous_3)
FNF:4
FNH:0
FNDA:0,(anonymous_0)
FNDA:0,(anonymous_1)
FNDA:0,(anonymous_2)
FNDA:0,(anonymous_3)
DA:14,0
DA:15,0
DA:18,0
DA:22,0
DA:23,0
DA:27,0
DA:31,0
DA:35,0
DA:46,0
DA:47,0
DA:69,1
LF:11
LH:1
BRF:0
BRH:0
end_of_record
TN:
SF:/Users/adamchenwei/www/ez-site-ui-kit/src/components/ListingItem/ListingItemMask.js
FN:11,(anonymous_0)
FN:20,(anonymous_1)
FN:24,(anonymous_2)
FN:31,(anonymous_3)
FNF:4
FNH:0
FNDA:0,(anonymous_0)
FNDA:0,(anonymous_1)
FNDA:0,(anonymous_2)
FNDA:0,(anonymous_3)
DA:12,0
DA:13,0
DA:17,0
DA:21,0
DA:25,0
DA:39,0
DA:41,0
DA:42,0
DA:46,0
DA:63,1
LF:10
LH:1
BRDA:55,0,0,0
BRDA:55,0,1,0
BRF:2
BRH:0
end_of_record
TN:
SF:/Users/adamchenwei/www/ez-site-ui-kit/src/components/ListingItem/style/ListingItem/Container.js
FNF:0
FNH:0
DA:3,1
LF:1
LH:1
BRF:0
BRH:0
end_of_record
TN:
SF:/Users/adamchenwei/www/ez-site-ui-kit/src/components/ListingItem/style/ListingItem/Display.js
FNF:0
FNH:0
DA:3,1
LF:1
LH:1
BRF:0
BRH:0
end_of_record
TN:
SF:/Users/adamchenwei/www/ez-site-ui-kit/src/components/ListingItem/style/ListingItem/Image.js
FNF:0
FNH:0
DA:3,1
LF:1
LH:1
BRF:0
BRH:0
end_of_record
TN:
SF:/Users/adamchenwei/www/ez-site-ui-kit/src/components/ListingItem/style/ListingItem/ImageAdjuster.js
FNF:0
FNH:0
DA:3,1
LF:1
LH:1
BRF:0
BRH:0
end_of_record
TN:
SF:/Users/adamchenwei/www/ez-site-ui-kit/src/components/ListingItem/style/ListingItemMask/ClickableLink.js
FNF:0
FNH:0
DA:3,1
LF:1
LH:1
BRF:0
BRH:0
end_of_record
TN:
SF:/Users/adamchenwei/www/ez-site-ui-kit/src/components/ListingItem/style/ListingItemMask/Container.js
FN:10,(anonymous_0)
FNF:1
FNH:0
FNDA:0,(anonymous_0)
DA:3,1
DA:10,0
LF:2
LH:1
BRDA:10,0,0,0
BRDA:10,0,1,0
BRF:2
BRH:0
end_of_record
TN:
SF:/Users/adamchenwei/www/ez-site-ui-kit/src/components/ListingItem/style/ListingItemMask/Shade.js
FNF:0
FNH:0
DA:3,1
LF:1
LH:1
BRF:0
BRH:0
end_of_record
TN:
SF:/Users/adamchenwei/www/ez-site-ui-kit/src/components/ListingItem/style/ListingItemMask/Summary.js
FNF:0
FNH:0
DA:4,1
LF:1
LH:1
BRF:0
BRH:0
end_of_record
TN:
SF:/Users/adamchenwei/www/ez-site-ui-kit/src/components/LoadingScreen/index.js
FN:11,(anonymous_0)
FNF:1
FNH:1
FNDA:2,(anonymous_0)
DA:10,2
DA:11,2
DA:14,2
DA:15,2
DA:16,1
DA:28,1
DA:38,2
DA:42,2
LF:8
LH:8
BRDA:15,0,0,1
BRDA:15,0,1,1
BRF:2
BRH:2
end_of_record
TN:
SF:/Users/adamchenwei/www/ez-site-ui-kit/src/components/LoadingScreen/style/LoadingBarContainer.js
FNF:0
FNH:0
LF:0
LH:0
BRF:0
BRH:0
end_of_record
TN:
SF:/Users/adamchenwei/www/ez-site-ui-kit/src/components/LoadingScreen/style/LoadingMaskContainer.js
FNF:0
FNH:0
LF:0
LH:0
BRF:0
BRH:0
end_of_record
TN:
SF:/Users/adamchenwei/www/ez-site-ui-kit/src/components/LoadingScreen/style/LogoContainer.js
FNF:0
FNH:0
LF:0
LH:0
BRF:0
BRH:0
end_of_record
TN:
SF:/Users/adamchenwei/www/ez-site-ui-kit/src/components/LoadingScreen/style/MaskingBackgroundContainer.js
FNF:0
FNH:0
LF:0
LH:0
BRF:0
BRH:0
end_of_record
TN:
SF:/Users/adamchenwei/www/ez-site-ui-kit/src/components/LoadingScreen/style/OpaqBackground.js
FNF:0
FNH:0
LF:0
LH:0
BRF:0
BRH:0
end_of_record
TN:
SF:/Users/adamchenwei/www/ez-site-ui-kit/src/components/LoginForm/CredientialInput.js
FN:19,(anonymous_0)
FN:23,(anonymous_1)
FN:47,(anonymous_2)
FNF:3
FNH:2
FNDA:4,(anonymous_0)
FNDA:4,(anonymous_1)
FNDA:0,(anonymous_2)
DA:20,4
DA:35,4
DA:36,4
DA:48,0
DA:55,1
LF:5
LH:4
BRF:0
BRH:0
end_of_record
TN:
SF:/Users/adamchenwei/www/ez-site-ui-kit/src/components/LoginForm/index.js
FN:12,(anonymous_0)
FN:22,(anonymous_1)
FN:27,(anonymous_2)
FN:28,(anonymous_3)
FN:34,(anonymous_4)
FN:38,(anonymous_5)
FN:109,(anonymous_6)
FN:122,(anonymous_7)
FNF:8
FNH:2
FNDA:5,(anonymous_0)
FNDA:0,(anonymous_1)
FNDA:0,(anonymous_2)
FNDA:0,(anonymous_3)
FNDA:0,(anonymous_4)
FNDA:5,(anonymous_5)
FNDA:0,(anonymous_6)
FNDA:0,(anonymous_7)
DA:13,5
DA:14,5
DA:17,5
DA:18,5
DA:19,5
DA:23,0
DA:24,0
DA:28,0
DA:29,0
DA:35,0
DA:48,5
DA:49,5
DA:51,5
DA:52,0
DA:55,5
DA:61,5
DA:62,5
DA:63,5
DA:64,5
DA:68,5
DA:79,5
DA:80,5
DA:109,0
DA:122,0
DA:158,1
LF:25
LH:17
BRDA:15,0,0,5
BRDA:15,0,1,4
BRDA:51,1,0,0
BRDA:51,1,1,5
BRDA:51,2,0,5
BRDA:51,2,1,3
BRDA:61,3,0,5
BRDA:61,3,1,0
BRDA:81,4,0,5
BRDA:81,4,1,0
BRDA:83,5,0,3
BRDA:83,5,1,2
BRDA:84,6,0,3
BRDA:84,6,1,0
BRDA:85,7,0,3
BRDA:85,7,1,0
BRDA:86,8,0,3
BRDA:86,8,1,0
BRDA:87,9,0,2
BRDA:87,9,1,1
BRDA:93,10,0,2
BRDA:93,10,1,1
BRDA:94,11,0,2
BRDA:94,11,1,0
BRDA:128,12,0,0
BRDA:128,12,1,5
BRDA:134,13,0,0
BRDA:134,13,1,5
BRDA:140,14,0,3
BRDA:140,14,1,2
BRDA:146,15,0,1
BRDA:146,15,1,1
BRF:32
BRH:23
end_of_record
TN:
SF:/Users/adamchenwei/www/ez-site-ui-kit/src/components/LoginForm/style/Container.js
FN:4,(anonymous_1)
FN:4,(anonymous_2)
FNF:2
FNH:0
FNDA:0,(anonymous_1)
FNDA:0,(anonymous_2)
DA:1,0
DA:3,0
DA:4,0
LF:3
LH:0
BRDA:4,0,0,0
BRDA:4,0,1,0
BRDA:4,1,0,0
BRDA:4,1,1,0
BRF:4
BRH:0
end_of_record
TN:
SF:/Users/adamchenwei/www/ez-site-ui-kit/src/components/LoginForm/style/index.js
FNF:0
FNH:0
DA:1,0
LF:1
LH:0
BRF:0
BRH:0
end_of_record
TN:
SF:/Users/adamchenwei/www/ez-site-ui-kit/src/components/LogoBar/index.js
FN:8,(anonymous_0)
FN:12,(anonymous_1)
FNF:2
FNH:2
FNDA:1,(anonymous_0)
FNDA:1,(anonymous_1)
DA:9,1
DA:13,1
DA:15,1
DA:25,1
LF:4
LH:4
BRF:0
BRH:0
end_of_record
TN:
SF:/Users/adamchenwei/www/ez-site-ui-kit/src/components/LogoBar/style/Container.js
FNF:0
FNH:0
DA:4,1
LF:1
LH:1
BRF:0
BRH:0
end_of_record
TN:
SF:/Users/adamchenwei/www/ez-site-ui-kit/src/components/LogoBar/style/Logo.js
FNF:0
FNH:0
DA:3,1
LF:1
LH:1
BRF:0
BRH:0
end_of_record
TN:
SF:/Users/adamchenwei/www/ez-site-ui-kit/src/components/LogoBar/style/LogoBox.js
FNF:0
FNH:0
DA:4,1
LF:1
LH:1
BRF:0
BRH:0
end_of_record
TN:
SF:/Users/adamchenwei/www/ez-site-ui-kit/src/components/MenuBarNew/index.js
FN:13,(anonymous_0)
FN:17,(anonymous_1)
FN:25,(anonymous_2)
FN:35,(anonymous_3)
FN:41,(anonymous_4)
FNF:5
FNH:0
FNDA:0,(anonymous_0)
FNDA:0,(anonymous_1)
FNDA:0,(anonymous_2)
FNDA:0,(anonymous_3)
FNDA:0,(anonymous_4)
DA:14,0
DA:18,0
DA:19,0
DA:20,0
DA:21,0
DA:29,0
DA:30,0
DA:31,0
DA:36,0
DA:42,0
DA:56,1
LF:11
LH:1
BRDA:19,0,0,0
BRDA:19,0,1,0
BRF:2
BRH:0
end_of_record
TN:
SF:/Users/adamchenwei/www/ez-site-ui-kit/src/components/MenuBarNew/style/Container.js
FNF:0
FNH:0
DA:4,1
LF:1
LH:1
BRF:0
BRH:0
end_of_record
TN:
SF:/Users/adamchenwei/www/ez-site-ui-kit/src/components/MenuBarNew/style/MenuItemBox.js
FNF:0
FNH:0
DA:4,1
LF:1
LH:1
BRF:0
BRH:0
end_of_record
TN:
SF:/Users/adamchenwei/www/ez-site-ui-kit/src/components/MenuBarNew/style/MenuItemLink.js
FNF:0
FNH:0
DA:4,1
LF:1
LH:1
BRF:0
BRH:0
end_of_record
TN:
SF:/Users/adamchenwei/www/ez-site-ui-kit/src/components/MenuBarNew/style/index.js
FNF:0
FNH:0
DA:1,1
LF:1
LH:1
BRF:0
BRH:0
end_of_record
TN:
SF:/Users/adamchenwei/www/ez-site-ui-kit/src/components/MenuBarNewRouteEnabled/index.js
FN:13,(anonymous_0)
FN:17,(anonymous_1)
FN:25,(anonymous_2)
FN:35,(anonymous_3)
FN:41,(anonymous_4)
FNF:5
FNH:0
FNDA:0,(anonymous_0)
FNDA:0,(anonymous_1)
FNDA:0,(anonymous_2)
FNDA:0,(anonymous_3)
FNDA:0,(anonymous_4)
DA:14,0
DA:18,0
DA:19,0
DA:20,0
DA:21,0
DA:29,0
DA:30,0
DA:31,0
DA:36,0
DA:42,0
DA:56,1
LF:11
LH:1
BRDA:19,0,0,0
BRDA:19,0,1,0
BRF:2
BRH:0
end_of_record
TN:
SF:/Users/adamchenwei/www/ez-site-ui-kit/src/components/MenuBarNewRouteEnabled/style/Container.js
FNF:0
FNH:0
DA:4,1
LF:1
LH:1
BRF:0
BRH:0
end_of_record
TN:
SF:/Users/adamchenwei/www/ez-site-ui-kit/src/components/MenuBarNewRouteEnabled/style/MenuItemBox.js
FNF:0
FNH:0
DA:4,1
LF:1
LH:1
BRF:0
BRH:0
end_of_record
TN:
SF:/Users/adamchenwei/www/ez-site-ui-kit/src/components/MenuBarNewRouteEnabled/style/MenuItemLink.js
FNF:0
FNH:0
DA:4,1
LF:1
LH:1
BRF:0
BRH:0
end_of_record
TN:
SF:/Users/adamchenwei/www/ez-site-ui-kit/src/components/MenuBarNewRouteEnabled/style/index.js
FNF:0
FNH:0
DA:1,1
LF:1
LH:1
BRF:0
BRH:0
end_of_record
TN:
SF:/Users/adamchenwei/www/ez-site-ui-kit/src/components/MenuFactory/generateFilterItemsList.js
FN:1,generateFilterItemsList
FN:12,(anonymous_1)
FN:15,(anonymous_2)
FN:16,(anonymous_3)
FN:39,constructCollectionMenuItemConfig
FNF:5
FNH:5
FNDA:2,generateFilterItemsList
FNDA:12,(anonymous_1)
FNDA:24,(anonymous_2)
FNDA:16,(anonymous_3)
FNDA:16,constructCollectionMenuItemConfig
DA:1,1
DA:8,2
DA:9,2
DA:11,2
DA:12,2
DA:13,12
DA:15,24
DA:16,2
DA:17,16
DA:18,16
DA:21,16
DA:22,16
DA:24,16
DA:31,2
DA:33,0
DA:35,2
DA:40,16
DA:42,16
DA:56,0
DA:59,0
LF:20
LH:17
BRDA:9,0,0,2
BRDA:9,0,1,0
BRDA:18,1,0,16
BRDA:18,1,1,0
BRDA:40,2,0,16
BRDA:40,2,1,0
BRF:6
BRH:3
end_of_record
TN:
SF:/Users/adamchenwei/www/ez-site-ui-kit/src/components/MenuFactory/generateMenuItemsList.js
FN:3,generateMenuItemsList
FN:13,(anonymous_1)
FN:26,constructMenuItem
FNF:3
FNH:3
FNDA:4,generateMenuItemsList
FNDA:12,(anonymous_1)
FNDA:12,constructMenuItem
DA:3,1
DA:4,4
DA:9,4
DA:11,4
DA:13,4
DA:14,12
DA:17,4
DA:20,0
DA:23,4
DA:27,12
DA:28,12
DA:30,8
DA:31,8
DA:36,8
DA:37,8
DA:43,4
DA:46,4
DA:47,4
DA:48,4
DA:54,0
DA:55,0
DA:57,0
LF:22
LH:18
BRDA:11,0,0,4
BRDA:11,0,1,0
BRDA:28,1,0,8
BRDA:28,1,1,4
BRDA:28,1,2,0
BRDA:38,2,0,0
BRDA:38,2,1,8
BRDA:43,3,0,0
BRDA:43,3,1,4
BRDA:49,4,0,0
BRDA:49,4,1,4
BRF:11
BRH:6
end_of_record
TN:
SF:/Users/adamchenwei/www/ez-site-ui-kit/src/components/MenuFactory/generateProductItemsList.js
FN:1,generateProductItemsList
FN:11,(anonymous_1)
FN:30,constructCollectionMenuItemConfig
FNF:3
FNH:0
FNDA:0,generateProductItemsList
FNDA:0,(anonymous_1)
FNDA:0,constructCollectionMenuItemConfig
DA:1,1
DA:8,0
DA:9,0
DA:11,0
DA:13,0
DA:14,0
DA:15,0
DA:16,0
DA:22,0
DA:24,0
DA:26,0
DA:31,0
DA:33,0
DA:47,0
DA:50,0
LF:15
LH:1
BRDA:9,0,0,0
BRDA:9,0,1,0
BRDA:31,1,0,0
BRDA:31,1,1,0
BRF:4
BRH:0
end_of_record
TN:
SF:/Users/adamchenwei/www/ez-site-ui-kit/src/components/MenuFilterItem/index.js
FN:9,(anonymous_0)
FN:14,(anonymous_1)
FNF:2
FNH:0
FNDA:0,(anonymous_0)
FNDA:0,(anonymous_1)
DA:10,0
DA:11,0
DA:18,0
DA:19,0
DA:20,0
DA:31,1
LF:6
LH:1
BRF:0
BRH:0
end_of_record
TN:
SF:/Users/adamchenwei/www/ez-site-ui-kit/src/components/MenuFilterItem/style/Container.js
FNF:0
FNH:0
DA:3,1
LF:1
LH:1
BRF:0
BRH:0
end_of_record
TN:
SF:/Users/adamchenwei/www/ez-site-ui-kit/src/components/MenuFilterItem/style/Link.js
FNF:0
FNH:0
DA:4,1
LF:1
LH:1
BRF:0
BRH:0
end_of_record
TN:
SF:/Users/adamchenwei/www/ez-site-ui-kit/src/components/MenuFilterItem/style/index.js
FNF:0
FNH:0
DA:1,1
LF:1
LH:1
BRF:0
BRH:0
end_of_record
TN:
SF:/Users/adamchenwei/www/ez-site-ui-kit/src/components/MenuFilterItems/index.js
FN:12,(anonymous_0)
FN:16,(anonymous_1)
FN:21,(anonymous_2)
FN:22,(anonymous_3)
FN:25,(anonymous_4)
FNF:5
FNH:0
FNDA:0,(anonymous_0)
FNDA:0,(anonymous_1)
FNDA:0,(anonymous_2)
FNDA:0,(anonymous_3)
FNDA:0,(anonymous_4)
DA:9,1
DA:13,0
DA:14,0
DA:22,0
DA:26,0
DA:33,0
DA:34,0
DA:36,0
DA:49,1
LF:9
LH:2
BRDA:14,0,0,0
BRDA:14,0,1,0
BRDA:21,1,0,0
BRDA:22,2,0,0
BRDA:22,2,1,0
BRDA:26,3,0,0
BRDA:26,3,1,0
BRF:7
BRH:0
end_of_record
TN:
SF:/Users/adamchenwei/www/ez-site-ui-kit/src/components/MenuFilterItems/style/Container.js
FNF:0
FNH:0
DA:3,1
LF:1
LH:1
BRF:0
BRH:0
end_of_record
TN:
SF:/Users/adamchenwei/www/ez-site-ui-kit/src/components/MenuFilterItems/style/Header.js
FNF:0
FNH:0
DA:3,1
LF:1
LH:1
BRF:0
BRH:0
end_of_record
TN:
SF:/Users/adamchenwei/www/ez-site-ui-kit/src/components/MenuFilterItems/style/ItemsContainer.js
FNF:0
FNH:0
DA:3,1
LF:1
LH:1
BRF:0
BRH:0
end_of_record
TN:
SF:/Users/adamchenwei/www/ez-site-ui-kit/src/components/MenuFilterItems/style/index.js
FNF:0
FNH:0
DA:1,1
LF:1
LH:1
BRF:0
BRH:0
end_of_record
TN:
SF:/Users/adamchenwei/www/ez-site-ui-kit/src/components/MenuItem/index.js
FN:9,(anonymous_0)
FN:17,(anonymous_1)
FNF:2
FNH:0
FNDA:0,(anonymous_0)
FNDA:0,(anonymous_1)
DA:10,0
DA:11,0
DA:12,0
DA:21,0
DA:22,0
DA:23,0
DA:34,1
LF:7
LH:1
BRDA:11,0,0,0
BRDA:11,0,1,0
BRF:2
BRH:0
end_of_record
TN:
SF:/Users/adamchenwei/www/ez-site-ui-kit/src/components/MenuItem/style/Container.js
FNF:0
FNH:0
DA:3,1
LF:1
LH:1
BRF:0
BRH:0
end_of_record
TN:
SF:/Users/adamchenwei/www/ez-site-ui-kit/src/components/MenuItem/style/MenuLink.js
FNF:0
FNH:0
DA:4,1
LF:1
LH:1
BRF:0
BRH:0
end_of_record
TN:
SF:/Users/adamchenwei/www/ez-site-ui-kit/src/components/MenuItem/style/index.js
FNF:0
FNH:0
DA:4,1
LF:1
LH:1
BRF:0
BRH:0
end_of_record
TN:
SF:/Users/adamchenwei/www/ez-site-ui-kit/src/components/MenuItems/index.js
FN:9,(anonymous_0)
FN:11,(anonymous_1)
FN:14,(anonymous_2)
FN:15,(anonymous_3)
FN:23,(anonymous_4)
FNF:5
FNH:0
FNDA:0,(anonymous_0)
FNDA:0,(anonymous_1)
FNDA:0,(anonymous_2)
FNDA:0,(anonymous_3)
FNDA:0,(anonymous_4)
DA:6,1
DA:10,0
DA:11,0
DA:15,0
DA:24,0
DA:31,0
DA:32,0
DA:34,0
DA:44,1
LF:9
LH:2
BRDA:11,0,0,0
BRDA:11,0,1,0
BRDA:14,1,0,0
BRDA:15,2,0,0
BRDA:15,2,1,0
BRDA:24,3,0,0
BRDA:24,3,1,0
BRF:7
BRH:0
end_of_record
TN:
SF:/Users/adamchenwei/www/ez-site-ui-kit/src/components/MenuItems/style/Container.js
FN:4,(anonymous_1)
FN:4,(anonymous_2)
FNF:2
FNH:0
FNDA:0,(anonymous_1)
FNDA:0,(anonymous_2)
DA:1,0
DA:3,0
DA:4,0
LF:3
LH:0
BRDA:4,0,0,0
BRDA:4,0,1,0
BRDA:4,1,0,0
BRDA:4,1,1,0
BRF:4
BRH:0
end_of_record
TN:
SF:/Users/adamchenwei/www/ez-site-ui-kit/src/components/MenuItems/style/index.js
FNF:0
FNH:0
DA:1,0
LF:1
LH:0
BRF:0
BRH:0
end_of_record
TN:
SF:/Users/adamchenwei/www/ez-site-ui-kit/src/components/MobileMenu/index.js
FN:27,(anonymous_0)
FN:33,(anonymous_1)
FN:37,(anonymous_2)
FN:53,(anonymous_3)
FNF:4
FNH:0
FNDA:0,(anonymous_0)
FNDA:0,(anonymous_1)
FNDA:0,(anonymous_2)
FNDA:0,(anonymous_3)
DA:23,1
DA:24,1
DA:28,0
DA:29,0
DA:30,0
DA:34,0
DA:46,0
DA:47,0
DA:48,0
DA:49,0
DA:53,0
DA:54,0
DA:55,0
DA:56,0
DA:58,0
DA:60,0
DA:115,1
LF:17
LH:3
BRDA:47,0,0,0
BRDA:47,0,1,0
BRDA:53,1,0,0
BRDA:53,1,1,0
BRDA:56,2,0,0
BRDA:56,2,1,0
BRDA:56,3,0,0
BRDA:56,3,1,0
BRDA:58,4,0,0
BRDA:58,4,1,0
BRDA:85,5,0,0
BRDA:85,5,1,0
BRDA:92,6,0,0
BRDA:92,6,1,0
BRDA:100,7,0,0
BRDA:100,7,1,0
BRF:16
BRH:0
end_of_record
TN:
SF:/Users/adamchenwei/www/ez-site-ui-kit/src/components/MobileMenu/factory/menu.js
FN:14,buildMenuItems
FN:25,buildMenuFilterItems
FN:42,buildProductMenuItems
FNF:3
FNH:2
FNDA:3,buildMenuItems
FNDA:1,buildMenuFilterItems
FNDA:0,buildProductMenuItems
DA:7,1
DA:15,3
DA:17,3
DA:18,3
DA:19,3
DA:21,3
DA:26,1
DA:28,1
DA:29,1
DA:33,1
DA:34,1
DA:35,1
DA:36,1
DA:37,1
DA:44,0
DA:46,0
DA:48,0
DA:53,0
DA:54,0
DA:55,0
DA:56,0
DA:58,0
LF:22
LH:14
BRDA:15,0,0,0
BRDA:15,0,1,3
BRDA:26,1,0,0
BRDA:26,1,1,1
BRDA:44,2,0,0
BRDA:44,2,1,0
BRF:6
BRH:2
end_of_record
TN:
SF:/Users/adamchenwei/www/ez-site-ui-kit/src/components/MobileMenu/style/Container.js
FN:7,(anonymous_0)
FN:9,(anonymous_1)
FN:9,(anonymous_2)
FNF:3
FNH:0
FNDA:0,(anonymous_0)
FNDA:0,(anonymous_1)
FNDA:0,(anonymous_2)
DA:4,1
DA:6,1
DA:7,0
DA:9,0
LF:4
LH:2
BRDA:7,0,0,0
BRDA:7,0,1,0
BRDA:9,1,0,0
BRDA:9,1,1,0
BRDA:9,2,0,0
BRDA:9,2,1,0
BRDA:9,3,0,0
BRDA:9,3,1,0
BRF:8
BRH:0
end_of_record
TN:
SF:/Users/adamchenwei/www/ez-site-ui-kit/src/components/MobileMenu/style/MenuButtonImage.js
FNF:0
FNH:0
DA:3,1
LF:1
LH:1
BRF:0
BRH:0
end_of_record
TN:
SF:/Users/adamchenwei/www/ez-site-ui-kit/src/components/MobileMenu/style/MenuButtonSpan.js
FNF:0
FNH:0
DA:3,1
LF:1
LH:1
BRF:0
BRH:0
end_of_record
TN:
SF:/Users/adamchenwei/www/ez-site-ui-kit/src/components/MobileMenu/style/MenuToggleButton.js
FNF:0
FNH:0
DA:3,1
LF:1
LH:1
BRF:0
BRH:0
end_of_record
TN:
SF:/Users/adamchenwei/www/ez-site-ui-kit/src/components/MobileMenu/style/TitleSpan.js
FN:6,(anonymous_0)
FN:8,(anonymous_1)
FN:11,(anonymous_2)
FNF:3
FNH:0
FNDA:0,(anonymous_0)
FNDA:0,(anonymous_1)
FNDA:0,(anonymous_2)
DA:3,1
DA:5,1
DA:6,0
DA:8,0
DA:11,0
LF:5
LH:2
BRDA:6,0,0,0
BRDA:6,0,1,0
BRDA:8,1,0,0
BRDA:8,1,1,0
BRDA:11,2,0,0
BRDA:11,2,1,0
BRF:6
BRH:0
end_of_record
TN:
SF:/Users/adamchenwei/www/ez-site-ui-kit/src/components/MobileMenu/style/index.js
FNF:0
FNH:0
DA:1,1
LF:1
LH:1
BRF:0
BRH:0
end_of_record
TN:
SF:/Users/adamchenwei/www/ez-site-ui-kit/src/components/MobileMenuRouteEnabled/index.js
FN:27,(anonymous_0)
FN:33,(anonymous_1)
FN:37,(anonymous_2)
FN:55,(anonymous_3)
FNF:4
FNH:0
FNDA:0,(anonymous_0)
FNDA:0,(anonymous_1)
FNDA:0,(anonymous_2)
FNDA:0,(anonymous_3)
DA:23,1
DA:24,1
DA:28,0
DA:29,0
DA:30,0
DA:34,0
DA:48,0
DA:49,0
DA:50,0
DA:51,0
DA:55,0
DA:56,0
DA:57,0
DA:58,0
DA:61,0
DA:63,0
DA:118,1
DA:129,1
LF:18
LH:4
BRDA:49,0,0,0
BRDA:49,0,1,0
BRDA:55,1,0,0
BRDA:55,1,1,0
BRDA:58,2,0,0
BRDA:58,2,1,0
BRDA:58,3,0,0
BRDA:58,3,1,0
BRDA:61,4,0,0
BRDA:61,4,1,0
BRDA:88,5,0,0
BRDA:88,5,1,0
BRDA:95,6,0,0
BRDA:95,6,1,0
BRDA:103,7,0,0
BRDA:103,7,1,0
BRF:16
BRH:0
end_of_record
TN:
SF:/Users/adamchenwei/www/ez-site-ui-kit/src/components/MobileMenuRouteEnabled/factory/menu.js
FN:14,buildMenuItems
FN:25,buildMenuFilterItems
FN:42,buildProductMenuItems
FNF:3
FNH:2
FNDA:1,buildMenuItems
FNDA:1,buildMenuFilterItems
FNDA:0,buildProductMenuItems
DA:7,1
DA:15,1
DA:17,1
DA:18,1
DA:19,1
DA:21,1
DA:26,1
DA:28,1
DA:29,1
DA:33,1
DA:34,1
DA:35,1
DA:36,1
DA:37,1
DA:44,0
DA:46,0
DA:48,0
DA:53,0
DA:54,0
DA:55,0
DA:56,0
DA:58,0
LF:22
LH:14
BRDA:15,0,0,0
BRDA:15,0,1,1
BRDA:26,1,0,0
BRDA:26,1,1,1
BRDA:44,2,0,0
BRDA:44,2,1,0
BRF:6
BRH:2
end_of_record
TN:
SF:/Users/adamchenwei/www/ez-site-ui-kit/src/components/MobileMenuRouteEnabled/style/Container.js
FN:7,(anonymous_0)
FN:9,(anonymous_1)
FN:9,(anonymous_2)
FNF:3
FNH:0
FNDA:0,(anonymous_0)
FNDA:0,(anonymous_1)
FNDA:0,(anonymous_2)
DA:4,1
DA:6,1
DA:7,0
DA:9,0
LF:4
LH:2
BRDA:7,0,0,0
BRDA:7,0,1,0
BRDA:9,1,0,0
BRDA:9,1,1,0
BRDA:9,2,0,0
BRDA:9,2,1,0
BRDA:9,3,0,0
BRDA:9,3,1,0
BRF:8
BRH:0
end_of_record
TN:
SF:/Users/adamchenwei/www/ez-site-ui-kit/src/components/MobileMenuRouteEnabled/style/MenuButtonImage.js
FNF:0
FNH:0
DA:3,1
LF:1
LH:1
BRF:0
BRH:0
end_of_record
TN:
SF:/Users/adamchenwei/www/ez-site-ui-kit/src/components/MobileMenuRouteEnabled/style/MenuButtonSpan.js
FNF:0
FNH:0
DA:3,1
LF:1
LH:1
BRF:0
BRH:0
end_of_record
TN:
SF:/Users/adamchenwei/www/ez-site-ui-kit/src/components/MobileMenuRouteEnabled/style/MenuToggleButton.js
FNF:0
FNH:0
DA:3,1
LF:1
LH:1
BRF:0
BRH:0
end_of_record
TN:
SF:/Users/adamchenwei/www/ez-site-ui-kit/src/components/MobileMenuRouteEnabled/style/TitleSpan.js
FN:6,(anonymous_0)
FN:8,(anonymous_1)
FN:11,(anonymous_2)
FNF:3
FNH:0
FNDA:0,(anonymous_0)
FNDA:0,(anonymous_1)
FNDA:0,(anonymous_2)
DA:3,1
DA:5,1
DA:6,0
DA:8,0
DA:11,0
LF:5
LH:2
BRDA:6,0,0,0
BRDA:6,0,1,0
BRDA:8,1,0,0
BRDA:8,1,1,0
BRDA:11,2,0,0
BRDA:11,2,1,0
BRF:6
BRH:0
end_of_record
TN:
SF:/Users/adamchenwei/www/ez-site-ui-kit/src/components/MobileMenuRouteEnabled/style/index.js
FNF:0
FNH:0
DA:1,1
LF:1
LH:1
BRF:0
BRH:0
end_of_record
TN:
SF:/Users/adamchenwei/www/ez-site-ui-kit/src/components/NotificationBar/index.js
FN:9,(anonymous_0)
FN:22,(anonymous_1)
FN:25,(anonymous_2)
FN:39,(anonymous_3)
FN:55,(anonymous_4)
FNF:5
FNH:4
FNDA:1,(anonymous_0)
FNDA:1,(anonymous_1)
FNDA:1,(anonymous_2)
FNDA:0,(anonymous_3)
FNDA:1,(anonymous_4)
DA:10,1
DA:11,1
DA:15,1
DA:18,1
DA:19,1
DA:29,1
DA:31,0
DA:33,1
DA:35,0
DA:40,0
DA:57,1
DA:58,1
DA:59,1
DA:61,1
DA:70,1
LF:15
LH:12
BRDA:29,0,0,0
BRDA:29,0,1,1
BRDA:29,0,2,0
BRDA:62,1,0,1
BRDA:62,1,1,1
BRF:5
BRH:3
end_of_record
TN:
SF:/Users/adamchenwei/www/ez-site-ui-kit/src/components/NotificationBar/style/CloseButton.js
FNF:0
FNH:0
LF:0
LH:0
BRF:0
BRH:0
end_of_record
TN:
SF:/Users/adamchenwei/www/ez-site-ui-kit/src/components/NotificationBar/style/Container.js
FN:7,(anonymous_0)
FN:11,(anonymous_1)
FNF:2
FNH:2
FNDA:1,(anonymous_0)
FNDA:1,(anonymous_1)
DA:7,1
DA:11,1
LF:2
LH:2
BRDA:7,0,0,0
BRDA:7,0,1,1
BRDA:11,1,0,1
BRDA:11,1,1,0
BRF:4
BRH:2
end_of_record
TN:
SF:/Users/adamchenwei/www/ez-site-ui-kit/src/components/NotificationBar/style/LinkBody.js
FNF:0
FNH:0
LF:0
LH:0
BRF:0
BRH:0
end_of_record
TN:
SF:/Users/adamchenwei/www/ez-site-ui-kit/src/components/NotificationBar/style/TextBody.js
FNF:0
FNH:0
LF:0
LH:0
BRF:0
BRH:0
end_of_record
TN:
SF:/Users/adamchenwei/www/ez-site-ui-kit/src/components/ProductDisplay/index.js
FN:22,(anonymous_0)
FN:33,(anonymous_1)
FN:40,(anonymous_2)
FN:51,(anonymous_3)
FN:60,(anonymous_4)
FN:92,(anonymous_5)
FN:117,(anonymous_6)
FNF:7
FNH:0
FNDA:0,(anonymous_0)
FNDA:0,(anonymous_1)
FNDA:0,(anonymous_2)
FNDA:0,(anonymous_3)
FNDA:0,(anonymous_4)
FNDA:0,(anonymous_5)
FNDA:0,(anonymous_6)
DA:23,0
DA:24,0
DA:29,0
DA:30,0
DA:34,0
DA:35,0
DA:42,0
DA:43,0
DA:45,0
DA:47,0
DA:52,0
DA:54,0
DA:56,0
DA:62,0
DA:63,0
DA:64,0
DA:93,0
DA:95,0
DA:99,0
DA:107,0
DA:108,0
DA:113,0
DA:115,0
DA:116,0
DA:117,0
DA:123,0
DA:278,1
LF:27
LH:1
BRDA:25,0,0,0
BRDA:25,0,1,0
BRDA:34,1,0,0
BRDA:34,1,1,0
BRDA:43,2,0,0
BRDA:43,2,1,0
BRDA:52,3,0,0
BRDA:52,3,1,0
BRDA:150,4,0,0
BRDA:150,4,1,0
BRF:10
BRH:0
end_of_record
TN:
SF:/Users/adamchenwei/www/ez-site-ui-kit/src/components/ProductDisplay/style/AddToCartContainer.js
FNF:0
FNH:0
DA:3,1
LF:1
LH:1
BRF:0
BRH:0
end_of_record
TN:
SF:/Users/adamchenwei/www/ez-site-ui-kit/src/components/ProductDisplay/style/ContainerRow.js
FNF:0
FNH:0
DA:4,1
LF:1
LH:1
BRF:0
BRH:0
end_of_record
TN:
SF:/Users/adamchenwei/www/ez-site-ui-kit/src/components/ProductDisplay/style/DescriptionTitle.js
FNF:0
FNH:0
DA:3,1
LF:1
LH:1
BRF:0
BRH:0
end_of_record
TN:
SF:/Users/adamchenwei/www/ez-site-ui-kit/src/components/ProductDisplay/style/DescriptionsSection.js
FNF:0
FNH:0
DA:3,1
LF:1
LH:1
BRF:0
BRH:0
end_of_record
TN:
SF:/Users/adamchenwei/www/ez-site-ui-kit/src/components/ProductDisplay/style/ProductDescriptionCol.js
FNF:0
FNH:0
DA:5,1
LF:1
LH:1
BRF:0
BRH:0
end_of_record
TN:
SF:/Users/adamchenwei/www/ez-site-ui-kit/src/components/ProductDisplay/style/ProductDescriptionPriceContainer.js
FNF:0
FNH:0
DA:3,1
LF:1
LH:1
BRF:0
BRH:0
end_of_record
TN:
SF:/Users/adamchenwei/www/ez-site-ui-kit/src/components/ProductDisplay/style/ProductDescriptionTitleContainer.js
FNF:0
FNH:0
DA:4,1
LF:1
LH:1
BRF:0
BRH:0
end_of_record
TN:
SF:/Users/adamchenwei/www/ez-site-ui-kit/src/components/ProductDisplay/style/ProductSlideShowCol.js
FNF:0
FNH:0
DA:4,1
LF:1
LH:1
BRF:0
BRH:0
end_of_record
TN:
SF:/Users/adamchenwei/www/ez-site-ui-kit/src/components/ProductGallery/ThumbnailImageHolder.js
FN:11,(anonymous_0)
FN:16,(anonymous_1)
FN:23,(anonymous_2)
FN:28,(anonymous_3)
FNF:4
FNH:2
FNDA:3,(anonymous_0)
FNDA:0,(anonymous_1)
FNDA:0,(anonymous_2)
FNDA:3,(anonymous_3)
DA:12,3
DA:13,3
DA:18,0
DA:20,0
DA:24,0
DA:31,3
DA:32,3
DA:33,3
DA:43,1
LF:9
LH:6
BRF:0
BRH:0
end_of_record
TN:
SF:/Users/adamchenwei/www/ez-site-ui-kit/src/components/ProductGallery/index.js
FN:14,(anonymous_0)
FN:23,(anonymous_1)
FN:30,(anonymous_2)
FN:36,(anonymous_3)
FN:41,(anonymous_4)
FN:54,(anonymous_5)
FN:62,(anonymous_6)
FNF:7
FNH:4
FNDA:2,(anonymous_0)
FNDA:0,(anonymous_1)
FNDA:0,(anonymous_2)
FNDA:0,(anonymous_3)
FNDA:2,(anonymous_4)
FNDA:4,(anonymous_5)
FNDA:3,(anonymous_6)
DA:15,2
DA:16,2
DA:20,2
DA:24,0
DA:25,0
DA:31,0
DA:37,0
DA:45,2
DA:46,2
DA:47,2
DA:48,2
DA:54,4
DA:63,3
DA:78,1
LF:14
LH:10
BRDA:18,0,0,2
BRDA:18,0,1,0
BRDA:24,1,0,0
BRDA:24,1,1,0
BRDA:24,2,0,0
BRDA:24,2,1,0
BRDA:24,2,2,0
BRDA:26,3,0,0
BRDA:26,3,1,0
BRDA:47,4,0,2
BRDA:47,4,1,1
BRDA:58,5,0,1
BRDA:58,5,1,1
BRF:13
BRH:5
end_of_record
TN:
SF:/Users/adamchenwei/www/ez-site-ui-kit/src/components/ProductGallery/style/Container.js
FNF:0
FNH:0
DA:3,1
LF:1
LH:1
BRF:0
BRH:0
end_of_record
TN:
SF:/Users/adamchenwei/www/ez-site-ui-kit/src/components/ProductGallery/style/DisplayImage.js
FNF:0
FNH:0
DA:3,1
LF:1
LH:1
BRF:0
BRH:0
end_of_record
TN:
SF:/Users/adamchenwei/www/ez-site-ui-kit/src/components/ProductGallery/style/DisplayImageBox.js
FN:4,(anonymous_0)
FNF:1
FNH:1
FNDA:2,(anonymous_0)
DA:3,1
DA:4,2
LF:2
LH:2
BRDA:4,0,0,1
BRDA:4,0,1,1
BRF:2
BRH:2
end_of_record
TN:
SF:/Users/adamchenwei/www/ez-site-ui-kit/src/components/ProductGallery/style/DisplayImageFrame.js
FNF:0
FNH:0
DA:3,1
LF:1
LH:1
BRF:0
BRH:0
end_of_record
TN:
SF:/Users/adamchenwei/www/ez-site-ui-kit/src/components/ProductGallery/style/ThumbnailFrame.js
FNF:0
FNH:0
DA:3,1
LF:1
LH:1
BRF:0
BRH:0
end_of_record
TN:
SF:/Users/adamchenwei/www/ez-site-ui-kit/src/components/ProductGallery/style/ThumbnailImage.js
FNF:0
FNH:0
DA:3,1
LF:1
LH:1
BRF:0
BRH:0
end_of_record
TN:
SF:/Users/adamchenwei/www/ez-site-ui-kit/src/components/ProductGallery/style/ThumbnailsContainer.js
FNF:0
FNH:0
DA:3,1
LF:1
LH:1
BRF:0
BRH:0
end_of_record
TN:
SF:/Users/adamchenwei/www/ez-site-ui-kit/src/components/ProductGallery/style/index.js
FNF:0
FNH:0
DA:1,1
LF:1
LH:1
BRF:0
BRH:0
end_of_record
TN:
SF:/Users/adamchenwei/www/ez-site-ui-kit/src/components/ProductSlideShow/ProductSlideShow.js
FN:4,ProductSlideShow
FNF:1
FNH:0
FNDA:0,ProductSlideShow
DA:1,0
DA:4,0
DA:6,0
DA:7,0
DA:12,0
DA:13,0
DA:15,0
DA:17,0
DA:22,0
DA:24,0
DA:26,0
DA:31,0
DA:32,0
DA:33,0
DA:34,0
DA:35,0
DA:36,0
DA:37,0
DA:45,0
LF:19
LH:0
BRDA:4,0,0,0
BRDA:4,0,1,0
BRDA:14,1,0,0
BRDA:14,1,1,0
BRDA:23,2,0,0
BRDA:23,2,1,0
BRF:6
BRH:0
end_of_record
TN:
SF:/Users/adamchenwei/www/ez-site-ui-kit/src/components/ProductSlideShow/index.js
FN:5,_TemplateComponent
FNF:1
FNH:0
FNDA:0,_TemplateComponent
DA:1,0
DA:2,0
DA:5,0
DA:9,0
DA:14,0
DA:15,0
DA:16,0
DA:27,0
LF:8
LH:0
BRDA:5,0,0,0
BRDA:5,0,1,0
BRF:2
BRH:0
end_of_record
TN:
SF:/Users/adamchenwei/www/ez-site-ui-kit/src/components/ProductSlideShow/style/Container.js
FN:4,(anonymous_1)
FN:4,(anonymous_2)
FNF:2
FNH:0
FNDA:0,(anonymous_1)
FNDA:0,(anonymous_2)
DA:1,0
DA:3,0
DA:4,0
LF:3
LH:0
BRDA:4,0,0,0
BRDA:4,0,1,0
BRDA:4,1,0,0
BRDA:4,1,1,0
BRF:4
BRH:0
end_of_record
TN:
SF:/Users/adamchenwei/www/ez-site-ui-kit/src/components/ProductSlideShow/style/index.js
FNF:0
FNH:0
DA:1,0
LF:1
LH:0
BRF:0
BRH:0
end_of_record
TN:
SF:/Users/adamchenwei/www/ez-site-ui-kit/src/components/RegisterForm/CredientialInput.js
FN:6,CredentialInput
FN:25,(anonymous_1)
FNF:2
FNH:1
FNDA:18,CredentialInput
FNDA:0,(anonymous_1)
DA:13,18
DA:14,18
DA:26,0
DA:32,1
LF:4
LH:3
BRF:0
BRH:0
end_of_record
TN:
SF:/Users/adamchenwei/www/ez-site-ui-kit/src/components/RegisterForm/index.js
FN:7,(anonymous_0)
FN:17,(anonymous_1)
FN:26,(anonymous_2)
FN:27,(anonymous_3)
FN:33,(anonymous_4)
FN:37,(anonymous_5)
FN:95,(anonymous_6)
FN:107,(anonymous_7)
FN:120,(anonymous_8)
FN:189,(anonymous_9)
FN:190,(anonymous_10)
FN:191,(anonymous_11)
FNF:12
FNH:2
FNDA:6,(anonymous_0)
FNDA:0,(anonymous_1)
FNDA:0,(anonymous_2)
FNDA:0,(anonymous_3)
FNDA:0,(anonymous_4)
FNDA:6,(anonymous_5)
FNDA:0,(anonymous_6)
FNDA:0,(anonymous_7)
FNDA:0,(anonymous_8)
FNDA:0,(anonymous_9)
FNDA:0,(anonymous_10)
FNDA:0,(anonymous_11)
DA:8,6
DA:9,6
DA:12,6
DA:13,6
DA:14,6
DA:18,0
DA:19,0
DA:27,0
DA:28,0
DA:34,0
DA:44,6
DA:46,6
DA:47,0
DA:50,6
DA:56,6
DA:57,6
DA:58,6
DA:59,6
DA:63,6
DA:71,6
DA:95,0
DA:107,0
DA:120,0
DA:170,1
DA:183,1
LF:25
LH:16
BRDA:10,0,0,6
BRDA:10,0,1,1
BRDA:46,1,0,0
BRDA:46,1,1,6
BRDA:46,2,0,6
BRDA:46,2,1,0
BRDA:56,3,0,6
BRDA:56,3,1,0
BRDA:72,4,0,6
BRDA:72,4,1,0
BRDA:74,5,0,0
BRDA:74,5,1,6
BRDA:75,6,0,0
BRDA:75,6,1,0
BRDA:77,7,0,0
BRDA:77,7,1,0
BRDA:78,8,0,0
BRDA:78,8,1,0
BRDA:126,9,0,1
BRDA:126,9,1,5
BRDA:132,10,0,1
BRDA:132,10,1,5
BRDA:138,11,0,0
BRDA:138,11,1,6
BRDA:138,12,0,6
BRDA:138,12,1,5
BRDA:143,13,0,2
BRDA:143,13,1,4
BRDA:151,14,0,0
BRDA:151,14,1,6
BRDA:156,15,0,6
BRDA:156,15,1,5
BRDA:158,16,0,0
BRDA:158,16,1,6
BRDA:158,17,0,6
BRDA:158,17,1,5
BRF:36
BRH:22
end_of_record
TN:
SF:/Users/adamchenwei/www/ez-site-ui-kit/src/components/RegisterForm/style/Container.js
FN:4,(anonymous_1)
FN:4,(anonymous_2)
FNF:2
FNH:0
FNDA:0,(anonymous_1)
FNDA:0,(anonymous_2)
DA:1,0
DA:3,0
DA:4,0
LF:3
LH:0
BRDA:4,0,0,0
BRDA:4,0,1,0
BRDA:4,1,0,0
BRDA:4,1,1,0
BRF:4
BRH:0
end_of_record
TN:
SF:/Users/adamchenwei/www/ez-site-ui-kit/src/components/RegisterForm/style/index.js
FNF:0
FNH:0
DA:1,0
LF:1
LH:0
BRF:0
BRH:0
end_of_record
TN:
SF:/Users/adamchenwei/www/ez-site-ui-kit/src/components/ShareButtonsBar/index.js
FN:14,ShareButtonsBar
FNF:1
FNH:0
FNDA:0,ShareButtonsBar
DA:12,1
DA:23,0
DA:36,0
DA:38,0
DA:39,0
DA:41,0
DA:42,0
DA:43,0
DA:44,0
DA:47,0
DA:54,0
DA:95,1
DA:105,1
LF:13
LH:3
BRDA:44,0,0,0
BRDA:44,0,1,0
BRDA:61,1,0,0
BRDA:61,1,1,0
BRF:4
BRH:0
end_of_record
TN:
SF:/Users/adamchenwei/www/ez-site-ui-kit/src/components/ShareButtonsBar/style/Container.js
FN:4,(anonymous_0)
FN:4,(anonymous_1)
FN:11,(anonymous_2)
FNF:3
FNH:0
FNDA:0,(anonymous_0)
FNDA:0,(anonymous_1)
FNDA:0,(anonymous_2)
DA:3,1
DA:4,0
DA:11,0
LF:3
LH:1
BRDA:4,0,0,0
BRDA:4,0,1,0
BRDA:4,1,0,0
BRDA:4,1,1,0
BRDA:11,2,0,0
BRDA:11,2,1,0
BRF:6
BRH:0
end_of_record
TN:
SF:/Users/adamchenwei/www/ez-site-ui-kit/src/components/ShareButtonsBar/style/IconHolder.js
FNF:0
FNH:0
DA:4,1
LF:1
LH:1
BRF:0
BRH:0
end_of_record
TN:
SF:/Users/adamchenwei/www/ez-site-ui-kit/src/components/ShareButtonsBar/style/LinkIconContainer.js
FNF:0
FNH:0
DA:4,1
LF:1
LH:1
BRF:0
BRH:0
end_of_record
TN:
SF:/Users/adamchenwei/www/ez-site-ui-kit/src/components/SiteAboutUsSection/index.js
FN:5,SiteAboutUsSection
FNF:1
FNH:1
FNDA:1,SiteAboutUsSection
DA:9,1
DA:10,1
DA:17,1
DA:22,1
LF:4
LH:4
BRF:0
BRH:0
end_of_record
TN:
SF:/Users/adamchenwei/www/ez-site-ui-kit/src/components/SiteAboutUsSection/style/Container.js
FNF:0
FNH:0
DA:3,1
LF:1
LH:1
BRF:0
BRH:0
end_of_record
TN:
SF:/Users/adamchenwei/www/ez-site-ui-kit/src/components/SiteMenuBar/index.js
FN:14,(anonymous_0)
FN:22,(anonymous_1)
FN:28,(anonymous_2)
FN:45,(anonymous_3)
FNF:4
FNH:3
FNDA:8,(anonymous_0)
FNDA:0,(anonymous_1)
FNDA:8,(anonymous_2)
FNDA:88,(anonymous_3)
DA:15,8
DA:17,8
DA:18,8
DA:23,0
DA:36,8
DA:38,8
DA:50,88
DA:51,88
DA:83,1
DA:92,1
LF:10
LH:9
BRDA:40,0,0,8
BRDA:40,0,1,7
BRF:2
BRH:2
end_of_record
TN:
SF:/Users/adamchenwei/www/ez-site-ui-kit/src/components/SiteMenuBar/style/CollapseBar.js
FN:5,(anonymous_0)
FNF:1
FNH:1
FNDA:8,(anonymous_0)
DA:4,1
DA:5,8
LF:2
LH:2
BRDA:5,0,0,3
BRDA:5,0,1,5
BRF:2
BRH:2
end_of_record
TN:
SF:/Users/adamchenwei/www/ez-site-ui-kit/src/components/SiteMenuBar/style/Container.js
FNF:0
FNH:0
DA:1,0
DA:2,0
DA:4,0
LF:3
LH:0
BRF:0
BRH:0
end_of_record
TN:
SF:/Users/adamchenwei/www/ez-site-ui-kit/src/components/SiteMenuBar/style/MenuItemCol.js
FN:5,(anonymous_1)
FNF:1
FNH:0
FNDA:0,(anonymous_1)
DA:1,0
DA:2,0
DA:4,0
DA:5,0
LF:4
LH:0
BRDA:5,0,0,0
BRDA:5,0,1,0
BRF:2
BRH:0
end_of_record
TN:
SF:/Users/adamchenwei/www/ez-site-ui-kit/src/components/SiteMenuBar/style/NavBar.js
FNF:0
FNH:0
DA:4,1
LF:1
LH:1
BRF:0
BRH:0
end_of_record
TN:
SF:/Users/adamchenwei/www/ez-site-ui-kit/src/components/SiteMenuBar/style/StyledNavItem.js
FN:5,(anonymous_0)
FNF:1
FNH:1
FNDA:88,(anonymous_0)
DA:4,1
DA:5,88
LF:2
LH:2
BRDA:5,0,0,15
BRDA:5,0,1,73
BRF:2
BRH:2
end_of_record
TN:
SF:/Users/adamchenwei/www/ez-site-ui-kit/src/components/SlideBasicCallToAction/index.js
FN:13,SlideBasicCallToAction
FNF:1
FNH:1
FNDA:1,SlideBasicCallToAction
DA:22,1
DA:24,1
DA:25,1
DA:27,1
DA:44,1
DA:60,1
LF:6
LH:6
BRDA:33,0,0,1
BRDA:33,0,1,0
BRF:2
BRH:1
end_of_record
TN:
SF:/Users/adamchenwei/www/ez-site-ui-kit/src/components/SlideBasicCallToAction/style/BackgroundImage.js
FNF:0
FNH:0
LF:0
LH:0
BRF:0
BRH:0
end_of_record
TN:
SF:/Users/adamchenwei/www/ez-site-ui-kit/src/components/SlideBasicCallToAction/style/CenteredCtaTextContainer.js
FNF:0
FNH:0
LF:0
LH:0
BRF:0
BRH:0
end_of_record
TN:
SF:/Users/adamchenwei/www/ez-site-ui-kit/src/components/SlideBasicCallToAction/style/Container.js
FNF:0
FNH:0
LF:0
LH:0
BRF:0
BRH:0
end_of_record
TN:
SF:/Users/adamchenwei/www/ez-site-ui-kit/src/components/SlideBasicCallToAction/style/CtaButtonContainer.js
FNF:0
FNH:0
LF:0
LH:0
BRF:0
BRH:0
end_of_record
TN:
SF:/Users/adamchenwei/www/ez-site-ui-kit/src/components/SlideBasicCallToAction/style/Paragraph.js
FNF:0
FNH:0
LF:0
LH:0
BRF:0
BRH:0
end_of_record
TN:
SF:/Users/adamchenwei/www/ez-site-ui-kit/src/components/SlideBasicCallToAction/style/SubTitle.js
FNF:0
FNH:0
LF:0
LH:0
BRF:0
BRH:0
end_of_record
TN:
SF:/Users/adamchenwei/www/ez-site-ui-kit/src/components/SlideBasicCallToAction/style/Title.js
FNF:0
FNH:0
LF:0
LH:0
BRF:0
BRH:0
end_of_record
TN:
SF:/Users/adamchenwei/www/ez-site-ui-kit/src/components/SlideShow/SlideButton.js
FN:5,(anonymous_0)
FN:10,(anonymous_1)
FN:14,(anonymous_2)
FNF:3
FNH:2
FNDA:4,(anonymous_0)
FNDA:0,(anonymous_1)
FNDA:4,(anonymous_2)
DA:6,4
DA:7,4
DA:11,0
DA:18,4
DA:19,4
DA:20,4
DA:21,4
DA:39,1
LF:8
LH:7
BRDA:27,0,0,1
BRDA:27,0,1,3
BRF:2
BRH:2
end_of_record
TN:
SF:/Users/adamchenwei/www/ez-site-ui-kit/src/components/SlideShow/index.js
FN:10,(anonymous_0)
FN:22,(anonymous_1)
FN:28,(anonymous_2)
FN:35,(anonymous_3)
FN:43,(anonymous_4)
FN:46,(anonymous_5)
FN:54,(anonymous_6)
FN:68,(anonymous_7)
FN:80,(anonymous_8)
FN:83,(anonymous_9)
FN:95,(anonymous_10)
FN:136,(anonymous_11)
FNF:12
FNH:6
FNDA:1,(anonymous_0)
FNDA:1,(anonymous_1)
FNDA:1,(anonymous_2)
FNDA:1,(anonymous_3)
FNDA:0,(anonymous_4)
FNDA:0,(anonymous_5)
FNDA:0,(anonymous_6)
FNDA:0,(anonymous_7)
FNDA:0,(anonymous_8)
FNDA:0,(anonymous_9)
FNDA:1,(anonymous_10)
FNDA:4,(anonymous_11)
DA:11,1
DA:13,1
DA:18,1
DA:19,1
DA:23,1
DA:24,1
DA:29,1
DA:36,1
DA:37,1
DA:38,1
DA:39,1
DA:41,1
DA:43,1
DA:44,0
DA:46,0
DA:47,0
DA:48,0
DA:54,0
DA:55,0
DA:56,0
DA:58,0
DA:60,0
DA:61,0
DA:62,0
DA:68,0
DA:69,0
DA:70,0
DA:71,0
DA:81,0
DA:82,0
DA:83,0
DA:84,0
DA:88,0
DA:89,0
DA:98,1
DA:99,1
DA:101,1
DA:136,4
DA:149,1
LF:39
LH:18
BRDA:14,0,0,1
BRDA:14,0,1,0
BRDA:15,1,0,1
BRDA:15,1,1,0
BRDA:23,2,0,1
BRDA:23,2,1,0
BRDA:47,3,0,0
BRDA:47,3,1,0
BRDA:55,4,0,0
BRDA:55,4,1,0
BRDA:61,5,0,0
BRDA:61,5,1,0
BRDA:70,6,0,0
BRDA:70,6,1,0
BRDA:81,7,0,0
BRDA:81,7,1,0
BRDA:81,8,0,0
BRDA:81,8,1,0
BRDA:84,9,0,0
BRDA:84,9,1,0
BRDA:88,10,0,0
BRDA:88,10,1,0
BRDA:90,11,0,0
BRDA:90,11,1,0
BRDA:123,12,0,1
BRDA:123,12,1,0
BRDA:124,13,0,1
BRDA:124,13,1,0
BRF:28
BRH:5
end_of_record
TN:
SF:/Users/adamchenwei/www/ez-site-ui-kit/src/components/SlideShow/style/Container.js
FNF:0
FNH:0
DA:4,1
LF:1
LH:1
BRF:0
BRH:0
end_of_record
TN:
SF:/Users/adamchenwei/www/ez-site-ui-kit/src/components/SlideShow/style/SlideButtonIcon.js
FNF:0
FNH:0
DA:1,0
DA:3,0
LF:2
LH:0
BRF:0
BRH:0
end_of_record
TN:
SF:/Users/adamchenwei/www/ez-site-ui-kit/src/components/SlideShow/style/SlideButtonsBox.js
FNF:0
FNH:0
DA:3,1
LF:1
LH:1
BRF:0
BRH:0
end_of_record
TN:
SF:/Users/adamchenwei/www/ez-site-ui-kit/src/components/SlideShow/style/SlidesBox.js
FNF:0
FNH:0
DA:3,1
LF:1
LH:1
BRF:0
BRH:0
end_of_record
TN:
SF:/Users/adamchenwei/www/ez-site-ui-kit/src/components/SnapshotDisplay/index.js
FN:9,SnapshotDisplay
FNF:1
FNH:1
FNDA:12,SnapshotDisplay
DA:14,12
DA:15,12
DA:29,1
DA:35,1
LF:4
LH:4
BRDA:18,0,0,0
BRDA:18,0,1,12
BRDA:18,1,0,12
BRDA:18,1,1,12
BRF:4
BRH:3
end_of_record
TN:
SF:/Users/adamchenwei/www/ez-site-ui-kit/src/components/SnapshotDisplay/style/Address.js
FNF:0
FNH:0
DA:4,1
LF:1
LH:1
BRF:0
BRH:0
end_of_record
TN:
SF:/Users/adamchenwei/www/ez-site-ui-kit/src/components/SnapshotDisplay/style/Name.js
FNF:0
FNH:0
DA:4,1
LF:1
LH:1
BRF:0
BRH:0
end_of_record
TN:
SF:/Users/adamchenwei/www/ez-site-ui-kit/src/components/SnapshotDisplay/style/Snapshot.js
FNF:0
FNH:0
DA:3,1
LF:1
LH:1
BRF:0
BRH:0
end_of_record
TN:
SF:/Users/adamchenwei/www/ez-site-ui-kit/src/components/SnapshotDisplay/style/SnapshotContainer.js
FNF:0
FNH:0
DA:3,1
LF:1
LH:1
BRF:0
BRH:0
end_of_record
TN:
SF:/Users/adamchenwei/www/ez-site-ui-kit/src/components/SnapshotDisplay/style/TitleContainer.js
FNF:0
FNH:0
DA:4,1
LF:1
LH:1
BRF:0
BRH:0
end_of_record
TN:
SF:/Users/adamchenwei/www/ez-site-ui-kit/src/components/SocialButton/SocialButtonShell.js
FN:5,SocialButtonShell
FNF:1
FNH:0
FNDA:0,SocialButtonShell
DA:10,0
DA:12,0
DA:24,1
DA:30,1
LF:4
LH:2
BRDA:14,0,0,0
BRDA:14,0,1,0
BRF:2
BRH:0
end_of_record
TN:
SF:/Users/adamchenwei/www/ez-site-ui-kit/src/components/SocialButton/SocialIcon.js
FN:7,SocialIcon
FNF:1
FNH:0
FNDA:0,SocialIcon
DA:12,0
DA:14,0
DA:15,0
DA:28,1
DA:34,1
LF:5
LH:2
BRDA:15,0,0,0
BRDA:15,0,1,0
BRDA:15,1,0,0
BRDA:15,1,1,0
BRF:4
BRH:0
end_of_record
TN:
SF:/Users/adamchenwei/www/ez-site-ui-kit/src/components/SocialButton/style/IconBoxLink.js
FNF:0
FNH:0
DA:4,1
LF:1
LH:1
BRF:0
BRH:0
end_of_record
TN:
SF:/Users/adamchenwei/www/ez-site-ui-kit/src/components/SocialButton/style/IconImage.js
FNF:0
FNH:0
DA:4,1
LF:1
LH:1
BRF:0
BRH:0
end_of_record
TN:
SF:/Users/adamchenwei/www/ez-site-ui-kit/src/components/SocialButton/style/index.js
FNF:0
FNH:0
DA:1,0
DA:2,0
LF:2
LH:0
BRF:0
BRH:0
end_of_record
TN:
SF:/Users/adamchenwei/www/ez-site-ui-kit/src/components/StyledComponentWrapper/StyledComponentWrapper.js
FN:4,(anonymous_0)
FNF:1
FNH:1
FNDA:1,(anonymous_0)
DA:7,1
DA:9,1
DA:14,1
LF:3
LH:3
BRF:0
BRH:0
end_of_record
TN:
SF:/Users/adamchenwei/www/ez-site-ui-kit/src/components/atoms/_ATOMTEMPLATECOMPONENT/index.js
FN:5,(anonymous_0)
FNF:1
FNH:1
FNDA:2,(anonymous_0)
DA:5,2
DA:9,2
DA:10,2
DA:17,2
DA:25,2
LF:5
LH:5
BRF:0
BRH:0
end_of_record
TN:
SF:/Users/adamchenwei/www/ez-site-ui-kit/src/components/atoms/_ATOMTEMPLATECOMPONENT/style/Container.js
FNF:0
FNH:0
LF:0
LH:0
BRF:0
BRH:0
end_of_record
TN:
SF:/Users/adamchenwei/www/ez-site-ui-kit/src/components/molecules/_MOLECULETEMPLATECOMPONENT/index.js
FN:5,(anonymous_0)
FNF:1
FNH:1
FNDA:2,(anonymous_0)
DA:5,2
DA:9,2
DA:10,2
DA:17,2
DA:25,2
LF:5
LH:5
BRF:0
BRH:0
end_of_record
TN:
SF:/Users/adamchenwei/www/ez-site-ui-kit/src/components/molecules/_MOLECULETEMPLATECOMPONENT/style/Container.js
FNF:0
FNH:0
LF:0
LH:0
BRF:0
BRH:0
end_of_record
TN:
SF:/Users/adamchenwei/www/ez-site-ui-kit/src/components/organisms/_ORGANISMTEMPLATECOMPONENT/index.js
FN:5,(anonymous_0)
FNF:1
FNH:1
FNDA:2,(anonymous_0)
DA:5,2
DA:9,2
DA:10,2
DA:17,2
DA:25,2
LF:5
LH:5
BRF:0
BRH:0
end_of_record
TN:
SF:/Users/adamchenwei/www/ez-site-ui-kit/src/components/organisms/_ORGANISMTEMPLATECOMPONENT/style/Container.js
FNF:0
FNH:0
LF:0
LH:0
BRF:0
BRH:0
end_of_record
TN:
SF:/Users/adamchenwei/www/ez-site-ui-kit/src/constants/GOOGLE_EMBEDDED_MAP_API.js
FNF:0
FNH:0
LF:0
LH:0
BRF:0
BRH:0
end_of_record
TN:
SF:/Users/adamchenwei/www/ez-site-ui-kit/src/container/About/index.js
FN:6,About
FNF:1
FNH:0
FNDA:0,About
DA:7,0
DA:51,1
DA:54,1
LF:3
LH:2
BRF:0
BRH:0
end_of_record
TN:
SF:/Users/adamchenwei/www/ez-site-ui-kit/src/container/About/withRouter.js
FNF:0
FNH:0
DA:1,0
DA:2,0
LF:2
LH:0
BRF:0
BRH:0
end_of_record
TN:
SF:/Users/adamchenwei/www/ez-site-ui-kit/src/container/CenteredSpaceShell/index.js
FN:5,CenteredSpaceShell
FNF:1
FNH:1
FNDA:1,CenteredSpaceShell
DA:8,1
DA:9,1
DA:16,1
LF:3
LH:3
BRF:0
BRH:0
end_of_record
TN:
SF:/Users/adamchenwei/www/ez-site-ui-kit/src/container/CenteredSpaceShell/style/Container.js
FNF:0
FNH:0
LF:0
LH:0
BRF:0
BRH:0
end_of_record
TN:
SF:/Users/adamchenwei/www/ez-site-ui-kit/src/container/Contact/index.js
FN:10,Contact
FNF:1
FNH:0
FNDA:0,Contact
DA:11,0
DA:28,1
DA:31,1
LF:3
LH:2
BRF:0
BRH:0
end_of_record
TN:
SF:/Users/adamchenwei/www/ez-site-ui-kit/src/container/Contact/withRouter.js
FNF:0
FNH:0
DA:1,0
DA:2,0
LF:2
LH:0
BRF:0
BRH:0
end_of_record
TN:
SF:/Users/adamchenwei/www/ez-site-ui-kit/src/container/Contact/style/Container.js
FN:7,(anonymous_0)
FNF:1
FNH:0
FNDA:0,(anonymous_0)
DA:6,1
DA:7,0
LF:2
LH:1
BRDA:7,0,0,0
BRDA:7,0,1,0
BRF:2
BRH:0
end_of_record
TN:
SF:/Users/adamchenwei/www/ez-site-ui-kit/src/container/Contact/style/Headline.js
FN:4,(anonymous_0)
FNF:1
FNH:0
FNDA:0,(anonymous_0)
DA:3,1
DA:4,0
LF:2
LH:1
BRDA:4,0,0,0
BRDA:4,0,1,0
BRF:2
BRH:0
end_of_record
TN:
SF:/Users/adamchenwei/www/ez-site-ui-kit/src/container/Contact/style/LeftColumn.js
FN:4,(anonymous_0)
FNF:1
FNH:0
FNDA:0,(anonymous_0)
DA:3,1
DA:4,0
LF:2
LH:1
BRDA:4,0,0,0
BRDA:4,0,1,0
BRF:2
BRH:0
end_of_record
TN:
SF:/Users/adamchenwei/www/ez-site-ui-kit/src/container/Contact/style/RightColumn.js
FN:4,(anonymous_1)
FNF:1
FNH:0
FNDA:0,(anonymous_1)
DA:1,0
DA:3,0
DA:4,0
LF:3
LH:0
BRDA:4,0,0,0
BRDA:4,0,1,0
BRF:2
BRH:0
end_of_record
TN:
SF:/Users/adamchenwei/www/ez-site-ui-kit/src/container/PageShell/PageShell.js
FN:17,showLogoBar
FN:23,showFooterBar
FN:30,showSlides
FN:35,showNotificationBar
FN:40,showMenuBar
FN:51,(anonymous_5)
FN:63,(anonymous_6)
FN:68,(anonymous_7)
FN:89,(anonymous_8)
FN:102,(anonymous_9)
FNF:10
FNH:0
FNDA:0,showLogoBar
FNDA:0,showFooterBar
FNDA:0,showSlides
FNDA:0,showNotificationBar
FNDA:0,showMenuBar
FNDA:0,(anonymous_5)
FNDA:0,(anonymous_6)
FNDA:0,(anonymous_7)
FNDA:0,(anonymous_8)
FNDA:0,(anonymous_9)
DA:18,0
DA:19,0
DA:24,0
DA:25,0
DA:31,0
DA:32,0
DA:36,0
DA:37,0
DA:41,0
DA:42,0
DA:52,0
DA:53,0
DA:68,0
DA:69,0
DA:70,0
DA:71,0
DA:72,0
DA:73,0
DA:74,0
DA:76,0
DA:79,0
DA:90,0
DA:91,0
DA:92,0
DA:93,0
DA:106,0
DA:110,0
DA:111,0
DA:112,0
DA:121,0
DA:122,0
DA:140,1
DA:148,1
LF:33
LH:2
BRDA:71,0,0,0
BRDA:71,0,1,0
BRDA:73,1,0,0
BRDA:73,1,1,0
BRDA:111,2,0,0
BRDA:111,2,1,0
BRDA:121,3,0,0
BRDA:121,3,1,0
BRDA:132,4,0,0
BRDA:132,4,1,0
BRF:10
BRH:0
end_of_record
TN:
SF:/Users/adamchenwei/www/ez-site-ui-kit/src/container/Product/index.js
FN:7,Product
FNF:1
FNH:0
FNDA:0,Product
DA:11,0
DA:12,0
DA:13,0
DA:19,0
DA:20,0
DA:21,0
DA:23,0
DA:25,0
DA:32,0
DA:43,1
DA:49,1
LF:11
LH:2
BRDA:13,0,0,0
BRDA:13,0,1,0
BRF:2
BRH:0
end_of_record
TN:
SF:/Users/adamchenwei/www/ez-site-ui-kit/src/container/Product/withRouter.js
FNF:0
FNH:0
DA:1,0
DA:2,0
LF:2
LH:0
BRF:0
BRH:0
end_of_record
TN:
SF:/Users/adamchenwei/www/ez-site-ui-kit/src/container/ProductListing/index.js
FN:8,(anonymous_0)
FN:37,(anonymous_1)
FNF:2
FNH:0
FNDA:0,(anonymous_0)
FNDA:0,(anonymous_1)
DA:7,1
DA:9,0
DA:13,0
DA:17,0
DA:23,0
DA:24,0
DA:28,0
DA:29,0
DA:30,0
DA:35,0
DA:36,0
DA:37,0
DA:38,0
DA:39,0
DA:40,0
DA:41,0
DA:42,0
DA:43,0
DA:46,0
DA:48,0
DA:49,0
DA:50,0
DA:52,0
DA:53,0
DA:56,0
DA:63,0
DA:75,1
DA:81,1
LF:28
LH:3
BRDA:28,0,0,0
BRDA:28,0,1,0
BRDA:37,1,0,0
BRDA:37,1,1,0
BRDA:41,2,0,0
BRDA:41,2,1,0
BRDA:48,3,0,0
BRDA:48,3,1,0
BRF:8
BRH:0
end_of_record
TN:
SF:/Users/adamchenwei/www/ez-site-ui-kit/src/container/ProductListing/withRouter.js
FNF:0
FNH:0
DA:1,0
DA:2,0
LF:2
LH:0
BRF:0
BRH:0
end_of_record
TN:
SF:/Users/adamchenwei/www/ez-site-ui-kit/src/style/Container.js
FN:4,(anonymous_1)
FN:4,(anonymous_2)
FNF:2
FNH:0
FNDA:0,(anonymous_1)
FNDA:0,(anonymous_2)
DA:1,0
DA:3,0
DA:4,0
LF:3
LH:0
BRDA:4,0,0,0
BRDA:4,0,1,0
BRDA:4,1,0,0
BRDA:4,1,1,0
BRF:4
BRH:0
end_of_record
TN:
SF:/Users/adamchenwei/www/ez-site-ui-kit/src/style/index.js
FNF:0
FNH:0
DA:1,0
LF:1
LH:0
BRF:0
BRH:0
end_of_record
TN:
SF:/Users/adamchenwei/www/ez-site-ui-kit/src/util/concat/concatCssClasses.js
FN:1,concatCssClasses
FN:5,(anonymous_1)
FNF:2
FNH:0
FNDA:0,concatCssClasses
FNDA:0,(anonymous_1)
DA:2,0
DA:4,0
DA:5,0
DA:6,0
DA:8,0
DA:9,0
LF:6
LH:0
BRDA:2,0,0,0
BRDA:2,0,1,0
BRDA:2,1,0,0
BRDA:2,1,1,0
BRF:4
BRH:0
end_of_record
TN:
SF:/Users/adamchenwei/www/ez-site-ui-kit/src/util/debug/consoleShow.js
FN:3,consoleShow
FNF:1
FNH:0
FNDA:0,consoleShow
DA:5,0
DA:6,0
DA:7,0
DA:9,0
DA:10,0
DA:11,0
DA:13,0
DA:14,0
DA:15,0
DA:17,0
DA:18,0
DA:19,0
DA:20,0
LF:13
LH:0
BRDA:6,0,0,0
BRDA:6,0,1,0
BRDA:7,1,0,0
BRDA:7,1,1,0
BRDA:7,1,2,0
BRF:5
BRH:0
end_of_record
TN:
SF:/Users/adamchenwei/www/ez-site-ui-kit/src/util/dev/smartEnvSiteUrl.js
FN:4,smartEnvSiteUrl
FNF:1
FNH:0
FNDA:0,smartEnvSiteUrl
DA:3,1
DA:4,1
DA:5,0
DA:6,0
DA:8,0
LF:5
LH:2
BRDA:5,0,0,0
BRDA:5,0,1,0
BRDA:8,1,0,0
BRDA:8,1,1,0
BRF:4
BRH:0
end_of_record
TN:
SF:/Users/adamchenwei/www/ez-site-ui-kit/src/util/get/getGridComponent.js
FN:13,getGridComponent
FNF:1
FNH:0
FNDA:0,getGridComponent
DA:19,0
DA:21,0
DA:23,0
DA:32,0
DA:38,0
DA:44,0
DA:50,0
DA:56,0
DA:62,0
DA:73,0
LF:10
LH:0
BRDA:21,0,0,0
BRDA:21,0,1,0
BRDA:21,0,2,0
BRDA:21,0,3,0
BRDA:21,0,4,0
BRDA:21,0,5,0
BRDA:21,0,6,0
BRDA:21,0,7,0
BRF:8
BRH:0
end_of_record
TN:
SF:/Users/adamchenwei/www/ez-site-ui-kit/src/util/get/getGridItem.js
FN:7,getGridItem
FNF:1
FNH:0
FNDA:0,getGridItem
DA:8,0
DA:11,0
DA:12,0
DA:14,0
DA:25,0
LF:5
LH:0
BRDA:11,0,0,0
BRDA:11,0,1,0
BRF:2
BRH:0
end_of_record
TN:
SF:/Users/adamchenwei/www/ez-site-ui-kit/src/util/get/getGridWithId.js
FN:1,getGridWithId
FN:4,(anonymous_1)
FN:5,(anonymous_2)
FNF:3
FNH:0
FNDA:0,getGridWithId
FNDA:0,(anonymous_1)
FNDA:0,(anonymous_2)
DA:2,0
DA:3,0
DA:4,0
DA:5,0
DA:6,0
DA:7,0
DA:11,0
LF:7
LH:0
BRDA:2,0,0,0
BRDA:2,0,1,0
BRDA:2,1,0,0
BRDA:2,1,1,0
BRDA:6,2,0,0
BRDA:6,2,1,0
BRF:6
BRH:0
end_of_record
TN:
SF:/Users/adamchenwei/www/ez-site-ui-kit/src/util/get/getLocalStorage.js
FNF:0
FNH:0
DA:1,0
LF:1
LH:0
BRDA:1,0,0,0
BRDA:1,0,1,0
BRF:2
BRH:0
end_of_record
TN:
SF:/Users/adamchenwei/www/ez-site-ui-kit/src/util/get/getWindow.js
FN:2,getWindow
FNF:1
FNH:0
FNDA:0,getWindow
DA:3,0
DA:4,0
DA:6,0
LF:3
LH:0
BRDA:3,0,0,0
BRDA:3,0,1,0
BRDA:4,1,0,0
BRDA:4,1,1,0
BRF:4
BRH:0
end_of_record
TN:
SF:/Users/adamchenwei/www/ez-site-ui-kit/src/util/layout/scrollToDom.js
FN:3,scrollToDom
FN:8,(anonymous_1)
FNF:2
FNH:0
FNDA:0,scrollToDom
FNDA:0,(anonymous_1)
DA:4,0
DA:5,0
DA:6,0
DA:8,0
DA:9,0
DA:10,0
DA:11,0
LF:7
LH:0
BRDA:4,0,0,0
BRDA:4,0,1,0
BRDA:5,1,0,0
BRDA:5,1,1,0
BRDA:5,2,0,0
BRDA:5,2,1,0
BRDA:10,3,0,0
BRDA:10,3,1,0
BRF:8
BRH:0
end_of_record
TN:
SF:/Users/adamchenwei/www/ez-site-ui-kit/src/util/setup/setComponentWrapperContainerClasses.js
FN:3,setComponentWrapperContainerClasses
FNF:1
FNH:0
FNDA:0,setComponentWrapperContainerClasses
DA:3,1
DA:4,0
LF:2
LH:1
BRDA:3,0,0,0
BRDA:4,1,0,0
BRDA:4,1,1,0
BRDA:4,1,2,0
BRF:4
BRH:0
end_of_record
TN:
SF:/Users/adamchenwei/www/ez-site-ui-kit/src/util/transform/capToCamelCase.js
FN:1,capToCamelCase
FNF:1
FNH:1
FNDA:1,capToCamelCase
DA:2,1
DA:3,0
DA:5,1
LF:3
LH:2
BRDA:1,0,0,0
BRDA:2,1,0,0
BRDA:2,1,1,1
BRDA:2,2,0,1
BRDA:2,2,1,1
BRDA:2,2,2,1
BRF:6
BRH:4
end_of_record
