TN:
SF:/Users/adamchenwei/www/ez-site-ui-kit/src/index.js
FNF:0
FNH:0
DA:1,0
DA:3,0
DA:4,0
DA:5,0
DA:6,0
DA:7,0
DA:8,0
DA:9,0
DA:10,0
DA:11,0
DA:14,0
DA:15,0
DA:16,0
DA:17,0
DA:18,0
LF:15
LH:0
BRF:0
BRH:0
end_of_record
TN:
SF:/Users/adamchenwei/www/ez-site-ui-kit/src/__mock__/cssModule.js
FNF:0
FNH:0
DA:1,0
LF:1
LH:0
BRF:0
BRH:0
end_of_record
TN:
SF:/Users/adamchenwei/www/ez-site-ui-kit/src/__mock__/getACatelogItem.js
FN:3,(anonymous_0)
FNF:1
FNH:1
FNDA:11,(anonymous_0)
DA:4,11
DA:5,11
LF:2
LH:2
BRF:0
BRH:0
end_of_record
TN:
SF:/Users/adamchenwei/www/ez-site-ui-kit/src/__mock__/image.js
FNF:0
FNH:0
DA:1,0
LF:1
LH:0
BRF:0
BRH:0
end_of_record
TN:
SF:/Users/adamchenwei/www/ez-site-ui-kit/src/components/BreadCrumb/index.js
FN:10,(anonymous_0)
FN:14,(anonymous_1)
FNF:2
FNH:2
FNDA:1,(anonymous_0)
FNDA:1,(anonymous_1)
DA:11,1
DA:19,1
DA:21,1
DA:22,1
DA:26,1
DA:28,1
DA:35,1
LF:7
LH:7
BRF:0
BRH:0
end_of_record
TN:
SF:/Users/adamchenwei/www/ez-site-ui-kit/src/components/BreadCrumb/style/Container.js
FNF:0
FNH:0
DA:3,1
LF:1
LH:1
BRF:0
BRH:0
end_of_record
TN:
SF:/Users/adamchenwei/www/ez-site-ui-kit/src/components/BreadCrumb/style/HomeLink.js
FNF:0
FNH:0
DA:3,1
LF:1
LH:1
BRF:0
BRH:0
end_of_record
TN:
SF:/Users/adamchenwei/www/ez-site-ui-kit/src/components/CatalogDetail/index.js
FN:17,(anonymous_0)
FN:21,(anonymous_1)
FNF:2
FNH:0
FNDA:0,(anonymous_0)
FNDA:0,(anonymous_1)
DA:18,0
DA:33,0
DA:34,0
DA:35,0
DA:36,0
DA:46,0
DA:47,0
DA:48,0
DA:69,1
DA:78,1
LF:10
LH:2
BRF:0
BRH:0
end_of_record
TN:
SF:/Users/adamchenwei/www/ez-site-ui-kit/src/components/CatalogDetail/style/Container.js
FNF:0
FNH:0
DA:3,1
LF:1
LH:1
BRF:0
BRH:0
end_of_record
TN:
SF:/Users/adamchenwei/www/ez-site-ui-kit/src/components/CatalogItem/index.js
FN:11,(anonymous_0)
FN:15,(anonymous_1)
FNF:2
FNH:2
FNDA:11,(anonymous_0)
FNDA:11,(anonymous_1)
DA:12,11
DA:27,11
DA:28,11
DA:32,11
DA:33,11
DA:51,1
DA:70,1
LF:7
LH:7
BRF:0
BRH:0
end_of_record
TN:
SF:/Users/adamchenwei/www/ez-site-ui-kit/src/components/CatalogItem/style/Container.js
FNF:0
FNH:0
DA:1,0
DA:3,0
LF:2
LH:0
BRF:0
BRH:0
end_of_record
TN:
SF:/Users/adamchenwei/www/ez-site-ui-kit/src/components/CatalogList/index.js
FN:11,(anonymous_0)
FN:15,(anonymous_1)
FN:24,(anonymous_2)
FNF:3
FNH:3
FNDA:1,(anonymous_0)
FNDA:1,(anonymous_1)
FNDA:10,(anonymous_2)
DA:12,1
DA:20,1
DA:21,1
DA:22,1
DA:36,10
DA:38,10
DA:39,10
DA:40,10
DA:78,1
LF:9
LH:9
BRDA:21,0,0,0
BRDA:21,0,1,1
BRDA:39,1,0,10
BRDA:39,1,1,0
BRDA:39,2,0,10
BRDA:39,2,1,0
BRDA:39,3,0,10
BRDA:39,3,1,0
BRF:8
BRH:4
end_of_record
TN:
SF:/Users/adamchenwei/www/ez-site-ui-kit/src/components/CatalogList/style/Container.js
FNF:0
FNH:0
DA:1,0
DA:3,0
LF:2
LH:0
BRF:0
BRH:0
end_of_record
TN:
SF:/Users/adamchenwei/www/ez-site-ui-kit/src/components/Common/Container.js
FN:6,(anonymous_1)
FN:8,(anonymous_2)
FN:8,(anonymous_3)
FNF:3
FNH:0
FNDA:0,(anonymous_1)
FNDA:0,(anonymous_2)
FNDA:0,(anonymous_3)
DA:1,0
DA:3,0
DA:5,0
DA:6,0
DA:8,0
LF:5
LH:0
BRDA:6,0,0,0
BRDA:6,0,1,0
BRDA:8,1,0,0
BRDA:8,1,1,0
BRDA:8,2,0,0
BRDA:8,2,1,0
BRDA:8,3,0,0
BRDA:8,3,1,0
BRF:8
BRH:0
end_of_record
TN:
SF:/Users/adamchenwei/www/ez-site-ui-kit/src/components/Common/EmptyStateHelperText.js
FN:4,(anonymous_1)
FN:5,(anonymous_2)
FN:7,(anonymous_3)
FNF:3
FNH:0
FNDA:0,(anonymous_1)
FNDA:0,(anonymous_2)
FNDA:0,(anonymous_3)
DA:1,0
DA:3,0
DA:4,0
DA:5,0
DA:7,0
LF:5
LH:0
BRDA:4,0,0,0
BRDA:4,0,1,0
BRDA:5,1,0,0
BRDA:5,1,1,0
BRDA:7,2,0,0
BRDA:7,2,1,0
BRF:6
BRH:0
end_of_record
TN:
SF:/Users/adamchenwei/www/ez-site-ui-kit/src/components/Common/GridSpan.js
FN:6,(anonymous_1)
FN:8,(anonymous_2)
FN:11,(anonymous_3)
FNF:3
FNH:0
FNDA:0,(anonymous_1)
FNDA:0,(anonymous_2)
FNDA:0,(anonymous_3)
DA:1,0
DA:3,0
DA:5,0
DA:6,0
DA:8,0
DA:11,0
LF:6
LH:0
BRDA:6,0,0,0
BRDA:6,0,1,0
BRDA:8,1,0,0
BRDA:8,1,1,0
BRDA:11,2,0,0
BRDA:11,2,1,0
BRF:6
BRH:0
end_of_record
TN:
SF:/Users/adamchenwei/www/ez-site-ui-kit/src/components/Common/PageContentContainer.js
FNF:0
FNH:0
DA:1,0
DA:2,0
DA:4,0
LF:3
LH:0
BRF:0
BRH:0
end_of_record
TN:
SF:/Users/adamchenwei/www/ez-site-ui-kit/src/components/Common/index.js
FNF:0
FNH:0
DA:1,0
LF:1
LH:0
BRF:0
BRH:0
end_of_record
TN:
SF:/Users/adamchenwei/www/ez-site-ui-kit/src/components/Common/Dummy/DummyBar.js
FNF:0
FNH:0
DA:1,0
DA:3,0
LF:2
LH:0
BRF:0
BRH:0
end_of_record
TN:
SF:/Users/adamchenwei/www/ez-site-ui-kit/src/components/Common/Dummy/DummyStager.js
FN:4,(anonymous_1)
FNF:1
FNH:0
FNDA:0,(anonymous_1)
DA:1,0
DA:3,0
DA:4,0
LF:3
LH:0
BRDA:4,0,0,0
BRDA:4,0,1,0
BRF:2
BRH:0
end_of_record
TN:
SF:/Users/adamchenwei/www/ez-site-ui-kit/src/components/ComponentWrapper/index.js
FN:7,ComponentWrapper
FNF:1
FNH:0
FNDA:0,ComponentWrapper
DA:1,0
DA:2,0
DA:3,0
DA:4,0
DA:7,0
DA:11,0
DA:16,0
DA:18,0
DA:19,0
DA:25,0
DA:26,0
DA:34,0
LF:12
LH:0
BRDA:7,0,0,0
BRDA:7,0,1,0
BRDA:18,1,0,0
BRDA:18,1,1,0
BRDA:25,2,0,0
BRDA:25,2,1,0
BRF:6
BRH:0
end_of_record
TN:
SF:/Users/adamchenwei/www/ez-site-ui-kit/src/components/ContactForm/index.js
FN:12,(anonymous_0)
FN:16,(anonymous_1)
FNF:2
FNH:2
FNDA:1,(anonymous_0)
FNDA:1,(anonymous_1)
DA:13,1
DA:20,1
DA:21,1
DA:66,1
DA:71,1
LF:5
LH:5
BRF:0
BRH:0
end_of_record
TN:
SF:/Users/adamchenwei/www/ez-site-ui-kit/src/components/ContactForm/style/ContactFormContainer.js
FN:4,(anonymous_0)
FNF:1
FNH:1
FNDA:1,(anonymous_0)
DA:3,1
DA:4,1
LF:2
LH:2
BRDA:4,0,0,0
BRDA:4,0,1,1
BRF:2
BRH:1
end_of_record
TN:
SF:/Users/adamchenwei/www/ez-site-ui-kit/src/components/ContactForm/style/ContactFormInput.js
FN:5,(anonymous_0)
FN:6,(anonymous_1)
FNF:2
FNH:2
FNDA:4,(anonymous_0)
FNDA:4,(anonymous_1)
DA:4,1
DA:5,4
DA:6,4
LF:3
LH:3
BRDA:5,0,0,4
BRDA:5,0,1,0
BRDA:6,1,0,1
BRDA:6,1,1,3
BRF:4
BRH:3
end_of_record
TN:
SF:/Users/adamchenwei/www/ez-site-ui-kit/src/components/ContactForm/style/ContactFormLegend.js
FN:4,(anonymous_0)
FNF:1
FNH:1
FNDA:4,(anonymous_0)
DA:3,1
DA:4,4
LF:2
LH:2
BRDA:4,0,0,4
BRDA:4,0,1,0
BRF:2
BRH:1
end_of_record
TN:
SF:/Users/adamchenwei/www/ez-site-ui-kit/src/components/ContactForm/style/ContactFormSubmitButton.js
FNF:0
FNH:0
DA:6,1
LF:1
LH:1
BRF:0
BRH:0
end_of_record
TN:
SF:/Users/adamchenwei/www/ez-site-ui-kit/src/components/ContactForm/style/ContactFormTextarea.js
FN:4,(anonymous_0)
FNF:1
FNH:1
FNDA:1,(anonymous_0)
DA:3,1
DA:4,1
LF:2
LH:2
BRDA:4,0,0,1
BRDA:4,0,1,0
BRF:2
BRH:1
end_of_record
TN:
SF:/Users/adamchenwei/www/ez-site-ui-kit/src/components/ContactForm/style/index.js
FNF:0
FNH:0
DA:1,1
LF:1
LH:1
BRF:0
BRH:0
end_of_record
TN:
SF:/Users/adamchenwei/www/ez-site-ui-kit/src/components/CustomizableForm/index.js
FN:9,(anonymous_0)
FN:13,(anonymous_1)
FN:26,(anonymous_2)
FNF:3
FNH:3
FNDA:2,(anonymous_0)
FNDA:2,(anonymous_1)
FNDA:16,(anonymous_2)
DA:10,2
DA:18,2
DA:19,2
DA:33,16
DA:34,16
DA:50,1
DA:57,1
LF:7
LH:7
BRF:0
BRH:0
end_of_record
TN:
SF:/Users/adamchenwei/www/ez-site-ui-kit/src/components/CustomizableForm/style/FormContainer.js
FNF:0
FNH:0
DA:3,1
LF:1
LH:1
BRF:0
BRH:0
end_of_record
TN:
SF:/Users/adamchenwei/www/ez-site-ui-kit/src/components/CustomizableForm/style/FormSubmitButton.js
FNF:0
FNH:0
DA:6,1
LF:1
LH:1
BRF:0
BRH:0
end_of_record
TN:
SF:/Users/adamchenwei/www/ez-site-ui-kit/src/components/DropDownMenu/index.js
FN:11,(anonymous_1)
FNF:1
FNH:0
FNDA:0,(anonymous_1)
DA:1,0
DA:4,0
DA:11,0
LF:3
LH:0
BRDA:11,0,0,0
BRDA:11,0,1,0
BRF:2
BRH:0
end_of_record
TN:
SF:/Users/adamchenwei/www/ez-site-ui-kit/src/components/EmptyStateUnderConstruction/EmptyStateUnderConstruction.js
FN:6,EmptyStateUnderConstruction
FNF:1
FNH:0
FNDA:0,EmptyStateUnderConstruction
DA:1,0
DA:2,0
DA:3,0
DA:6,0
DA:10,0
DA:11,0
DA:17,0
DA:18,0
DA:19,0
DA:25,0
DA:26,0
DA:27,0
DA:30,0
DA:31,0
DA:33,0
DA:47,0
LF:16
LH:0
BRDA:6,0,0,0
BRDA:6,0,1,0
BRDA:18,1,0,0
BRDA:18,1,1,0
BRDA:26,2,0,0
BRDA:26,2,1,0
BRF:6
BRH:0
end_of_record
TN:
SF:/Users/adamchenwei/www/ez-site-ui-kit/src/components/EzIcon/index.js
FN:6,(anonymous_0)
FN:10,(anonymous_1)
FNF:2
FNH:2
FNDA:1,(anonymous_0)
FNDA:1,(anonymous_1)
DA:7,1
DA:15,1
DA:16,1
DA:24,1
LF:4
LH:4
BRF:0
BRH:0
end_of_record
TN:
SF:/Users/adamchenwei/www/ez-site-ui-kit/src/components/EzIcon/style/Container.js
FNF:0
FNH:0
DA:3,1
LF:1
LH:1
BRF:0
BRH:0
end_of_record
TN:
SF:/Users/adamchenwei/www/ez-site-ui-kit/src/components/FooterBar/index.js
FN:6,FooterBar
FN:15,(anonymous_10)
FNF:2
FNH:0
FNDA:0,FooterBar
FNDA:0,(anonymous_10)
DA:1,0
DA:2,0
DA:3,0
DA:6,0
DA:11,0
DA:12,0
DA:15,0
DA:27,0
LF:8
LH:0
BRDA:6,0,0,0
BRDA:6,0,1,0
BRDA:11,1,0,0
BRDA:11,1,1,0
BRDA:15,2,0,0
BRDA:15,2,1,0
BRF:6
BRH:0
end_of_record
TN:
SF:/Users/adamchenwei/www/ez-site-ui-kit/src/components/FooterBar/style/Container.js
FNF:0
FNH:0
DA:1,0
DA:2,0
DA:4,0
DA:6,0
LF:4
LH:0
BRF:0
BRH:0
end_of_record
TN:
SF:/Users/adamchenwei/www/ez-site-ui-kit/src/components/FooterBar/style/index.js
FNF:0
FNH:0
DA:1,0
LF:1
LH:0
BRF:0
BRH:0
end_of_record
TN:
SF:/Users/adamchenwei/www/ez-site-ui-kit/src/components/FormInput/index.js
FN:9,(anonymous_0)
FN:32,(anonymous_1)
FN:48,(anonymous_2)
FN:64,(anonymous_3)
FNF:4
FNH:4
FNDA:20,(anonymous_0)
FNDA:15,(anonymous_1)
FNDA:3,(anonymous_2)
FNDA:20,(anonymous_3)
DA:10,20
DA:13,20
DA:14,20
DA:15,20
DA:16,20
DA:17,20
DA:19,3
DA:20,3
DA:24,15
DA:25,15
DA:27,2
DA:29,20
DA:38,15
DA:39,15
DA:54,3
DA:56,3
DA:71,20
DA:72,20
DA:73,20
DA:82,1
DA:89,1
LF:21
LH:21
BRDA:17,0,0,3
BRDA:17,0,1,4
BRDA:17,0,2,15
BRDA:17,0,3,15
BRDA:17,0,4,2
BRDA:76,1,0,18
BRDA:76,1,1,2
BRF:7
BRH:7
end_of_record
TN:
SF:/Users/adamchenwei/www/ez-site-ui-kit/src/components/FormInput/style/Container.js
FNF:0
FNH:0
DA:3,1
LF:1
LH:1
BRF:0
BRH:0
end_of_record
TN:
SF:/Users/adamchenwei/www/ez-site-ui-kit/src/components/FormInput/style/FormLegend.js
FN:4,(anonymous_0)
FNF:1
FNH:1
FNDA:20,(anonymous_0)
DA:3,1
DA:4,20
LF:2
LH:2
BRDA:4,0,0,19
BRDA:4,0,1,1
BRF:2
BRH:2
end_of_record
TN:
SF:/Users/adamchenwei/www/ez-site-ui-kit/src/components/FormInput/style/FormTextarea.js
FN:4,(anonymous_0)
FNF:1
FNH:1
FNDA:3,(anonymous_0)
DA:3,1
DA:4,3
LF:2
LH:2
BRDA:4,0,0,3
BRDA:4,0,1,0
BRF:2
BRH:1
end_of_record
TN:
SF:/Users/adamchenwei/www/ez-site-ui-kit/src/components/FormInput/style/InputField.js
FN:5,(anonymous_0)
FN:6,(anonymous_1)
FNF:2
FNH:2
FNDA:15,(anonymous_0)
FNDA:15,(anonymous_1)
DA:4,1
DA:5,15
DA:6,15
LF:3
LH:3
BRDA:5,0,0,15
BRDA:5,0,1,0
BRDA:6,1,0,0
BRDA:6,1,1,15
BRF:4
BRH:2
end_of_record
TN:
SF:/Users/adamchenwei/www/ez-site-ui-kit/src/components/GoogleEmbbededMapView/index.js
FN:6,(anonymous_0)
FN:10,(anonymous_1)
FNF:2
FNH:2
FNDA:1,(anonymous_0)
FNDA:1,(anonymous_1)
DA:7,1
DA:16,1
DA:17,1
DA:30,1
DA:36,1
LF:5
LH:5
BRF:0
BRH:0
end_of_record
TN:
SF:/Users/adamchenwei/www/ez-site-ui-kit/src/components/GoogleMapView/index.js
FN:12,(anonymous_0)
FNF:1
FNH:0
FNDA:0,(anonymous_0)
DA:13,0
LF:1
LH:0
BRDA:17,0,0,0
BRDA:17,0,1,0
BRF:2
BRH:0
end_of_record
TN:
SF:/Users/adamchenwei/www/ez-site-ui-kit/src/components/GoogleMapView/style/Container.js
FNF:0
FNH:0
DA:3,1
LF:1
LH:1
BRF:0
BRH:0
end_of_record
TN:
SF:/Users/adamchenwei/www/ez-site-ui-kit/src/components/GridItem/GridItem.js
FNF:0
FNH:0
DA:1,0
DA:2,0
DA:3,0
DA:4,0
DA:5,0
DA:9,0
DA:10,0
DA:11,0
DA:12,0
DA:13,0
DA:14,0
DA:15,0
DA:16,0
DA:17,0
DA:18,0
DA:19,0
DA:30,0
DA:31,0
DA:32,0
DA:62,0
LF:20
LH:0
BRDA:10,0,0,0
BRDA:10,0,1,0
BRDA:13,1,0,0
BRDA:13,1,1,0
BRDA:14,2,0,0
BRDA:14,2,1,0
BRDA:15,3,0,0
BRDA:15,3,1,0
BRDA:16,4,0,0
BRDA:16,4,1,0
BRDA:17,5,0,0
BRDA:17,5,1,0
BRDA:18,6,0,0
BRDA:18,6,1,0
BRDA:19,7,0,0
BRDA:19,7,1,0
BRDA:30,8,0,0
BRDA:30,8,1,0
BRDA:31,9,0,0
BRDA:31,9,1,0
BRDA:36,10,0,0
BRDA:36,10,1,0
BRDA:37,11,0,0
BRDA:37,11,1,0
BRDA:40,12,0,0
BRDA:40,12,1,0
BRDA:41,13,0,0
BRDA:41,13,1,0
BRDA:44,14,0,0
BRDA:44,14,1,0
BRDA:45,15,0,0
BRDA:45,15,1,0
BRDA:48,16,0,0
BRDA:48,16,1,0
BRDA:49,17,0,0
BRDA:49,17,1,0
BRDA:52,18,0,0
BRDA:52,18,1,0
BRDA:53,19,0,0
BRDA:53,19,1,0
BRF:40
BRH:0
end_of_record
TN:
SF:/Users/adamchenwei/www/ez-site-ui-kit/src/components/GridItem/GridItemShell.js
FNF:0
FNH:0
DA:1,0
DA:2,0
DA:3,0
DA:4,0
DA:8,0
DA:9,0
DA:10,0
DA:11,0
DA:12,0
DA:13,0
DA:14,0
DA:15,0
DA:16,0
DA:24,0
DA:37,0
DA:38,0
DA:39,0
DA:52,0
LF:18
LH:0
BRDA:8,0,0,0
BRDA:8,0,1,0
BRDA:10,1,0,0
BRDA:10,1,1,0
BRDA:11,2,0,0
BRDA:11,2,1,0
BRDA:12,3,0,0
BRDA:12,3,1,0
BRDA:13,4,0,0
BRDA:13,4,1,0
BRDA:14,5,0,0
BRDA:14,5,1,0
BRDA:15,6,0,0
BRDA:15,6,1,0
BRDA:16,7,0,0
BRDA:16,7,1,0
BRDA:37,8,0,0
BRDA:37,8,1,0
BRDA:38,9,0,0
BRDA:38,9,1,0
BRDA:43,10,0,0
BRDA:43,10,1,0
BRF:22
BRH:0
end_of_record
TN:
SF:/Users/adamchenwei/www/ez-site-ui-kit/src/components/InteractiveSlideShow/index.js
FN:6,InteractiveSlideShow
FN:14,(anonymous_1)
FNF:2
FNH:0
FNDA:0,InteractiveSlideShow
FNDA:0,(anonymous_1)
DA:11,0
DA:12,0
DA:19,0
DA:20,0
DA:21,0
DA:31,1
DA:37,1
LF:7
LH:2
BRF:0
BRH:0
end_of_record
TN:
SF:/Users/adamchenwei/www/ez-site-ui-kit/src/components/InteractiveSlideShow/style/Container.js
FNF:0
FNH:0
DA:3,1
LF:1
LH:1
BRF:0
BRH:0
end_of_record
TN:
SF:/Users/adamchenwei/www/ez-site-ui-kit/src/components/InteractiveSlideShow/style/SlideContainer.js
FNF:0
FNH:0
LF:0
LH:0
BRF:0
BRH:0
end_of_record
TN:
SF:/Users/adamchenwei/www/ez-site-ui-kit/src/components/Listing/Listing.js
FN:9,Listing
FN:33,(anonymous_10)
FN:50,(anonymous_11)
FN:101,(anonymous_12)
FN:118,(anonymous_13)
FNF:5
FNH:0
FNDA:0,Listing
FNDA:0,(anonymous_10)
FNDA:0,(anonymous_11)
FNDA:0,(anonymous_12)
FNDA:0,(anonymous_13)
DA:1,0
DA:2,0
DA:3,0
DA:4,0
DA:5,0
DA:6,0
DA:9,0
DA:11,0
DA:18,0
DA:21,0
DA:23,0
DA:24,0
DA:25,0
DA:27,0
DA:31,0
DA:32,0
DA:33,0
DA:34,0
DA:42,0
DA:43,0
DA:44,0
DA:48,0
DA:51,0
DA:55,0
DA:56,0
DA:57,0
DA:59,0
DA:60,0
DA:99,0
DA:100,0
DA:101,0
DA:102,0
DA:110,0
DA:111,0
DA:112,0
DA:116,0
DA:119,0
DA:123,0
DA:124,0
DA:125,0
DA:127,0
DA:129,0
DA:171,0
LF:43
LH:0
BRDA:9,0,0,0
BRDA:9,0,1,0
BRDA:27,1,0,0
BRDA:27,1,1,0
BRF:4
BRH:0
end_of_record
TN:
SF:/Users/adamchenwei/www/ez-site-ui-kit/src/components/ListingItem/ListingItem.js
FN:13,ListingItem
FNF:1
FNH:0
FNDA:0,ListingItem
DA:1,0
DA:2,0
DA:3,0
DA:5,0
DA:6,0
DA:7,0
DA:8,0
DA:9,0
DA:13,0
DA:15,0
DA:18,0
DA:22,0
DA:23,0
DA:27,0
DA:31,0
DA:35,0
DA:40,0
DA:46,0
DA:47,0
DA:69,0
LF:20
LH:0
BRDA:13,0,0,0
BRDA:13,0,1,0
BRF:2
BRH:0
end_of_record
TN:
SF:/Users/adamchenwei/www/ez-site-ui-kit/src/components/ListingItem/ListingItemMask.js
FN:11,ListingItemMask
FNF:1
FNH:0
FNDA:0,ListingItemMask
DA:1,0
DA:2,0
DA:3,0
DA:4,0
DA:5,0
DA:6,0
DA:7,0
DA:8,0
DA:11,0
DA:13,0
DA:17,0
DA:21,0
DA:25,0
DA:31,0
DA:39,0
DA:41,0
DA:42,0
DA:46,0
DA:63,0
LF:19
LH:0
BRDA:11,0,0,0
BRDA:11,0,1,0
BRDA:55,1,0,0
BRDA:55,1,1,0
BRF:4
BRH:0
end_of_record
TN:
SF:/Users/adamchenwei/www/ez-site-ui-kit/src/components/ListingItem/style/ListingItem/Container.js
FNF:0
FNH:0
DA:1,0
DA:3,0
LF:2
LH:0
BRF:0
BRH:0
end_of_record
TN:
SF:/Users/adamchenwei/www/ez-site-ui-kit/src/components/ListingItem/style/ListingItem/Display.js
FNF:0
FNH:0
DA:1,0
DA:3,0
LF:2
LH:0
BRF:0
BRH:0
end_of_record
TN:
SF:/Users/adamchenwei/www/ez-site-ui-kit/src/components/ListingItem/style/ListingItem/Image.js
FNF:0
FNH:0
DA:1,0
DA:3,0
LF:2
LH:0
BRF:0
BRH:0
end_of_record
TN:
SF:/Users/adamchenwei/www/ez-site-ui-kit/src/components/ListingItem/style/ListingItem/ImageAdjuster.js
FNF:0
FNH:0
DA:1,0
DA:3,0
LF:2
LH:0
BRF:0
BRH:0
end_of_record
TN:
SF:/Users/adamchenwei/www/ez-site-ui-kit/src/components/ListingItem/style/ListingItemMask/ClickableLink.js
FNF:0
FNH:0
DA:1,0
DA:3,0
LF:2
LH:0
BRF:0
BRH:0
end_of_record
TN:
SF:/Users/adamchenwei/www/ez-site-ui-kit/src/components/ListingItem/style/ListingItemMask/Container.js
FN:10,(anonymous_1)
FNF:1
FNH:0
FNDA:0,(anonymous_1)
DA:1,0
DA:3,0
DA:10,0
LF:3
LH:0
BRDA:11,0,0,0
BRDA:11,0,1,0
BRF:2
BRH:0
end_of_record
TN:
SF:/Users/adamchenwei/www/ez-site-ui-kit/src/components/ListingItem/style/ListingItemMask/Shade.js
FNF:0
FNH:0
DA:1,0
DA:3,0
LF:2
LH:0
BRF:0
BRH:0
end_of_record
TN:
SF:/Users/adamchenwei/www/ez-site-ui-kit/src/components/ListingItem/style/ListingItemMask/Summary.js
FNF:0
FNH:0
DA:1,0
DA:2,0
DA:4,0
LF:3
LH:0
BRF:0
BRH:0
end_of_record
TN:
SF:/Users/adamchenwei/www/ez-site-ui-kit/src/components/ProductGallery/ThumbnailImageHolder.js
FN:11,(anonymous_0)
FN:16,(anonymous_1)
FN:23,(anonymous_2)
FN:28,(anonymous_3)
FNF:4
FNH:2
FNDA:3,(anonymous_0)
FNDA:0,(anonymous_1)
FNDA:0,(anonymous_2)
FNDA:3,(anonymous_3)
DA:12,3
DA:13,3
DA:18,0
DA:20,0
DA:24,0
DA:31,3
DA:32,3
DA:33,3
DA:43,1
LF:9
LH:6
BRF:0
BRH:0
end_of_record
TN:
SF:/Users/adamchenwei/www/ez-site-ui-kit/src/components/ProductGallery/index.js
FN:14,(anonymous_0)
FN:23,(anonymous_1)
FN:30,(anonymous_2)
FN:36,(anonymous_3)
FN:41,(anonymous_4)
FN:54,(anonymous_5)
FN:62,(anonymous_6)
FNF:7
FNH:4
FNDA:2,(anonymous_0)
FNDA:0,(anonymous_1)
FNDA:0,(anonymous_2)
FNDA:0,(anonymous_3)
FNDA:2,(anonymous_4)
FNDA:4,(anonymous_5)
FNDA:3,(anonymous_6)
DA:15,2
DA:16,2
DA:20,2
DA:24,0
DA:25,0
DA:31,0
DA:37,0
DA:45,2
DA:46,2
DA:47,2
DA:48,2
DA:54,4
DA:63,3
DA:78,1
LF:14
LH:10
BRDA:18,0,0,2
BRDA:18,0,1,0
BRDA:24,1,0,0
BRDA:24,1,1,0
BRDA:24,2,0,0
BRDA:24,2,1,0
BRDA:24,2,2,0
BRDA:26,3,0,0
BRDA:26,3,1,0
BRDA:47,4,0,2
BRDA:47,4,1,1
BRDA:58,5,0,1
BRDA:58,5,1,1
BRF:13
BRH:5
end_of_record
TN:
SF:/Users/adamchenwei/www/ez-site-ui-kit/src/components/ProductGallery/style/Container.js
FNF:0
FNH:0
DA:3,1
LF:1
LH:1
BRF:0
BRH:0
end_of_record
TN:
SF:/Users/adamchenwei/www/ez-site-ui-kit/src/components/ProductGallery/style/DisplayImage.js
FNF:0
FNH:0
DA:3,1
LF:1
LH:1
BRF:0
BRH:0
end_of_record
TN:
SF:/Users/adamchenwei/www/ez-site-ui-kit/src/components/ProductGallery/style/DisplayImageBox.js
FN:4,(anonymous_0)
FNF:1
FNH:1
FNDA:2,(anonymous_0)
DA:3,1
DA:4,2
LF:2
LH:2
BRDA:4,0,0,1
BRDA:4,0,1,1
BRF:2
BRH:2
end_of_record
TN:
SF:/Users/adamchenwei/www/ez-site-ui-kit/src/components/ProductGallery/style/DisplayImageFrame.js
FNF:0
FNH:0
DA:3,1
LF:1
LH:1
BRF:0
BRH:0
end_of_record
TN:
SF:/Users/adamchenwei/www/ez-site-ui-kit/src/components/ProductGallery/style/ThumbnailFrame.js
FNF:0
FNH:0
DA:3,1
LF:1
LH:1
BRF:0
BRH:0
end_of_record
TN:
SF:/Users/adamchenwei/www/ez-site-ui-kit/src/components/ProductGallery/style/ThumbnailImage.js
FNF:0
FNH:0
DA:3,1
LF:1
LH:1
BRF:0
BRH:0
end_of_record
TN:
SF:/Users/adamchenwei/www/ez-site-ui-kit/src/components/ProductGallery/style/ThumbnailsContainer.js
FNF:0
FNH:0
DA:3,1
LF:1
LH:1
BRF:0
BRH:0
end_of_record
TN:
SF:/Users/adamchenwei/www/ez-site-ui-kit/src/components/ProductGallery/style/index.js
FNF:0
FNH:0
DA:1,1
LF:1
LH:1
BRF:0
BRH:0
end_of_record
TN:
SF:/Users/adamchenwei/www/ez-site-ui-kit/src/components/ShareButtonsBar/index.js
FN:14,ShareButtonsBar
FNF:1
FNH:0
FNDA:0,ShareButtonsBar
DA:12,1
DA:23,0
DA:36,0
DA:38,0
DA:39,0
DA:41,0
DA:42,0
DA:43,0
DA:44,0
DA:47,0
DA:54,0
DA:95,1
DA:105,1
LF:13
LH:3
BRDA:44,0,0,0
BRDA:44,0,1,0
BRDA:61,1,0,0
BRDA:61,1,1,0
BRF:4
BRH:0
end_of_record
TN:
SF:/Users/adamchenwei/www/ez-site-ui-kit/src/components/ShareButtonsBar/style/Container.js
FN:4,(anonymous_0)
FN:4,(anonymous_1)
FN:11,(anonymous_2)
FNF:3
FNH:0
FNDA:0,(anonymous_0)
FNDA:0,(anonymous_1)
FNDA:0,(anonymous_2)
DA:3,1
DA:4,0
DA:11,0
LF:3
LH:1
BRDA:4,0,0,0
BRDA:4,0,1,0
BRDA:4,1,0,0
BRDA:4,1,1,0
BRDA:11,2,0,0
BRDA:11,2,1,0
BRF:6
BRH:0
end_of_record
TN:
SF:/Users/adamchenwei/www/ez-site-ui-kit/src/components/ShareButtonsBar/style/IconHolder.js
FNF:0
FNH:0
DA:4,1
LF:1
LH:1
BRF:0
BRH:0
end_of_record
TN:
SF:/Users/adamchenwei/www/ez-site-ui-kit/src/components/ShareButtonsBar/style/LinkIconContainer.js
FNF:0
FNH:0
DA:4,1
LF:1
LH:1
BRF:0
BRH:0
end_of_record
TN:
SF:/Users/adamchenwei/www/ez-site-ui-kit/src/components/SnapshotDisplay/index.js
FN:9,SnapshotDisplay
FNF:1
FNH:1
FNDA:12,SnapshotDisplay
DA:14,12
DA:15,12
DA:29,1
DA:35,1
LF:4
LH:4
BRDA:18,0,0,0
BRDA:18,0,1,12
BRDA:18,1,0,12
BRDA:18,1,1,12
BRF:4
BRH:3
end_of_record
TN:
SF:/Users/adamchenwei/www/ez-site-ui-kit/src/components/SnapshotDisplay/style/Address.js
FNF:0
FNH:0
DA:4,1
LF:1
LH:1
BRF:0
BRH:0
end_of_record
TN:
SF:/Users/adamchenwei/www/ez-site-ui-kit/src/components/SnapshotDisplay/style/Name.js
FNF:0
FNH:0
DA:4,1
LF:1
LH:1
BRF:0
BRH:0
end_of_record
TN:
SF:/Users/adamchenwei/www/ez-site-ui-kit/src/components/SnapshotDisplay/style/Snapshot.js
FNF:0
FNH:0
DA:3,1
LF:1
LH:1
BRF:0
BRH:0
end_of_record
TN:
SF:/Users/adamchenwei/www/ez-site-ui-kit/src/components/SnapshotDisplay/style/SnapshotContainer.js
FNF:0
FNH:0
DA:3,1
LF:1
LH:1
BRF:0
BRH:0
end_of_record
TN:
SF:/Users/adamchenwei/www/ez-site-ui-kit/src/components/SnapshotDisplay/style/TitleContainer.js
FNF:0
FNH:0
DA:4,1
LF:1
LH:1
BRF:0
BRH:0
end_of_record
TN:
SF:/Users/adamchenwei/www/ez-site-ui-kit/src/components/SocialButton/SocialButtonShell.js
FN:5,SocialButtonShell
FNF:1
FNH:0
FNDA:0,SocialButtonShell
DA:1,0
DA:2,0
DA:3,0
DA:10,0
DA:12,0
DA:24,0
DA:30,0
LF:7
LH:0
BRDA:14,0,0,0
BRDA:14,0,1,0
BRF:2
BRH:0
end_of_record
TN:
SF:/Users/adamchenwei/www/ez-site-ui-kit/src/components/SocialButton/SocialIcon.js
FN:7,SocialIcon
FNF:1
FNH:0
FNDA:0,SocialIcon
DA:1,0
DA:3,0
DA:4,0
DA:5,0
DA:12,0
DA:14,0
DA:15,0
DA:28,0
DA:34,0
LF:9
LH:0
BRDA:15,0,0,0
BRDA:15,0,1,0
BRDA:15,1,0,0
BRDA:15,1,1,0
BRF:4
BRH:0
end_of_record
TN:
SF:/Users/adamchenwei/www/ez-site-ui-kit/src/components/SocialButton/style/IconBoxLink.js
FNF:0
FNH:0
DA:1,0
DA:2,0
DA:4,0
LF:3
LH:0
BRF:0
BRH:0
end_of_record
TN:
SF:/Users/adamchenwei/www/ez-site-ui-kit/src/components/SocialButton/style/IconImage.js
FNF:0
FNH:0
DA:1,0
DA:2,0
DA:4,0
LF:3
LH:0
BRF:0
BRH:0
end_of_record
TN:
SF:/Users/adamchenwei/www/ez-site-ui-kit/src/components/SocialButton/style/index.js
FNF:0
FNH:0
DA:1,0
DA:2,0
LF:2
LH:0
BRF:0
BRH:0
end_of_record
TN:
SF:/Users/adamchenwei/www/ez-site-ui-kit/src/components/StyledComponentWrapper/StyledComponentWrapper.js
FN:4,(anonymous_0)
FNF:1
FNH:1
FNDA:1,(anonymous_0)
DA:7,1
DA:9,1
DA:14,1
LF:3
LH:3
BRF:0
BRH:0
end_of_record
TN:
SF:/Users/adamchenwei/www/ez-site-ui-kit/src/constants/GOOGLE_EMBEDDED_MAP_API.js
FNF:0
FNH:0
LF:0
LH:0
BRF:0
BRH:0
end_of_record
TN:
SF:/Users/adamchenwei/www/ez-site-ui-kit/src/style/Container.js
FN:4,(anonymous_1)
FN:4,(anonymous_2)
FNF:2
FNH:0
FNDA:0,(anonymous_1)
FNDA:0,(anonymous_2)
DA:1,0
DA:3,0
DA:4,0
LF:3
LH:0
BRDA:4,0,0,0
BRDA:4,0,1,0
BRDA:4,1,0,0
BRDA:4,1,1,0
BRF:4
BRH:0
end_of_record
TN:
SF:/Users/adamchenwei/www/ez-site-ui-kit/src/style/index.js
FNF:0
FNH:0
DA:1,0
LF:1
LH:0
BRF:0
BRH:0
end_of_record
TN:
SF:/Users/adamchenwei/www/ez-site-ui-kit/src/util/concat/concatCssClasses.js
FN:1,concatCssClasses
FN:5,(anonymous_1)
FNF:2
FNH:0
FNDA:0,concatCssClasses
FNDA:0,(anonymous_1)
DA:2,0
DA:4,0
DA:5,0
DA:6,0
DA:8,0
DA:9,0
LF:6
LH:0
BRDA:2,0,0,0
BRDA:2,0,1,0
BRDA:2,1,0,0
BRDA:2,1,1,0
BRF:4
BRH:0
end_of_record
TN:
SF:/Users/adamchenwei/www/ez-site-ui-kit/src/util/debug/consoleShow.js
FN:3,consoleShow
FNF:1
FNH:0
FNDA:0,consoleShow
DA:5,0
DA:6,0
DA:7,0
DA:9,0
DA:10,0
DA:11,0
DA:13,0
DA:14,0
DA:15,0
DA:17,0
DA:18,0
DA:19,0
DA:20,0
LF:13
LH:0
BRDA:6,0,0,0
BRDA:6,0,1,0
BRDA:8,1,0,0
BRDA:8,1,1,0
BRDA:8,1,2,0
BRF:5
BRH:0
end_of_record
TN:
SF:/Users/adamchenwei/www/ez-site-ui-kit/src/util/dev/smartEnvSiteUrl.js
FN:4,smartEnvSiteUrl
FNF:1
FNH:0
FNDA:0,smartEnvSiteUrl
DA:1,0
DA:4,0
DA:5,0
DA:6,0
DA:8,0
LF:5
LH:0
BRDA:5,0,0,0
BRDA:5,0,1,0
BRDA:8,1,0,0
BRDA:8,1,1,0
BRF:4
BRH:0
end_of_record
TN:
SF:/Users/adamchenwei/www/ez-site-ui-kit/src/util/get/getGridComponent.js
FN:13,getGridComponent
FNF:1
FNH:0
FNDA:0,getGridComponent
DA:1,0
DA:2,0
DA:3,0
DA:5,0
DA:6,0
DA:8,0
DA:9,0
DA:10,0
DA:19,0
DA:21,0
DA:23,0
DA:32,0
DA:38,0
DA:44,0
DA:50,0
DA:56,0
DA:62,0
DA:73,0
LF:18
LH:0
BRDA:22,0,0,0
BRDA:22,0,1,0
BRDA:22,0,2,0
BRDA:22,0,3,0
BRDA:22,0,4,0
BRDA:22,0,5,0
BRDA:22,0,6,0
BRDA:22,0,7,0
BRF:8
BRH:0
end_of_record
TN:
SF:/Users/adamchenwei/www/ez-site-ui-kit/src/util/get/getGridItem.js
FN:7,getGridItem
FNF:1
FNH:0
FNDA:0,getGridItem
DA:1,0
DA:2,0
DA:4,0
DA:8,0
DA:11,0
DA:12,0
DA:14,0
DA:25,0
LF:8
LH:0
BRDA:11,0,0,0
BRDA:11,0,1,0
BRF:2
BRH:0
end_of_record
TN:
SF:/Users/adamchenwei/www/ez-site-ui-kit/src/util/get/getGridWithId.js
FN:1,getGridWithId
FN:4,(anonymous_1)
FN:5,(anonymous_2)
FNF:3
FNH:0
FNDA:0,getGridWithId
FNDA:0,(anonymous_1)
FNDA:0,(anonymous_2)
DA:2,0
DA:3,0
DA:4,0
DA:5,0
DA:6,0
DA:7,0
DA:11,0
LF:7
LH:0
BRDA:2,0,0,0
BRDA:2,0,1,0
BRDA:2,1,0,0
BRDA:2,1,1,0
BRDA:6,2,0,0
BRDA:6,2,1,0
BRF:6
BRH:0
end_of_record
TN:
SF:/Users/adamchenwei/www/ez-site-ui-kit/src/util/get/getLocalStorage.js
FNF:0
FNH:0
DA:1,0
LF:1
LH:0
BRDA:1,0,0,0
BRDA:1,0,1,0
BRF:2
BRH:0
end_of_record
TN:
SF:/Users/adamchenwei/www/ez-site-ui-kit/src/util/get/getWindow.js
FN:2,getWindow
FNF:1
FNH:0
FNDA:0,getWindow
DA:3,0
DA:4,0
DA:6,0
LF:3
LH:0
BRDA:3,0,0,0
BRDA:3,0,1,0
BRDA:4,1,0,0
BRDA:4,1,1,0
BRF:4
BRH:0
end_of_record
TN:
SF:/Users/adamchenwei/www/ez-site-ui-kit/src/util/layout/scrollToDom.js
FN:3,scrollToDom
FN:8,(anonymous_1)
FNF:2
FNH:0
FNDA:0,scrollToDom
FNDA:0,(anonymous_1)
DA:4,0
DA:5,0
DA:6,0
DA:8,0
DA:9,0
DA:10,0
DA:11,0
LF:7
LH:0
BRDA:4,0,0,0
BRDA:4,0,1,0
BRDA:5,1,0,0
BRDA:5,1,1,0
BRDA:5,2,0,0
BRDA:5,2,1,0
BRDA:10,3,0,0
BRDA:10,3,1,0
BRF:8
BRH:0
end_of_record
TN:
SF:/Users/adamchenwei/www/ez-site-ui-kit/src/util/setup/setComponentWrapperContainerClasses.js
FN:3,setComponentWrapperContainerClasses
FNF:1
FNH:0
FNDA:0,setComponentWrapperContainerClasses
DA:3,1
DA:4,0
LF:2
LH:1
BRDA:3,0,0,0
BRDA:4,1,0,0
BRDA:4,1,1,0
BRDA:4,1,2,0
BRF:4
BRH:0
end_of_record
TN:
SF:/Users/adamchenwei/www/ez-site-ui-kit/src/util/transform/capToCamelCase.js
FN:1,capToCamelCase
FNF:1
FNH:1
FNDA:1,capToCamelCase
DA:2,1
DA:3,0
DA:5,1
LF:3
LH:2
BRDA:1,0,0,0
BRDA:2,1,0,0
BRDA:2,1,1,1
BRDA:2,2,0,1
BRDA:2,2,1,1
BRDA:2,2,2,1
BRF:6
BRH:4
end_of_record
